Sun Nov 13 20:43:39 2016	127.0.0.1:61102 > 192.168.0.1:80
47 45 54 20 2F 20 48 54 54 50 2F 31 2E 31 0A    GET / HTTP/1.1.

Sun Nov 13 20:43:41 2016	127.0.0.1:61102 > 192.168.0.1:80
0A                                              .

Sun Nov 13 20:43:41 2016	127.0.0.1:61102 < 192.168.0.1:80
48 54 54 50 2F 31 2E 31 20 34 30 30 20 42 61 64 HTTP/1.1 400 Bad
20 52 65 71 75 65 73 74 0D 0A 53 65 72 76 65 72  Request..Server
3A 20 4D 61 74 68 6F 70 64 2F 31 2E 35 70 36 0D : Mathopd/1.5p6.
0A 44 61 74 65 3A 20 53 75 6E 2C 20 31 33 20 4E .Date: Sun, 13 N
6F 76 20 32 30 31 36 20 31 39 3A 34 33 3A 33 37 ov 2016 19:43:37
20 47 4D 54 0D 0A 43 6F 6E 74 65 6E 74 2D 54 79  GMT..Content-Ty
70 65 3A 20 74 65 78 74 2F 68 74 6D 6C 0D 0A 43 pe: text/html..C
6F 6E 74 65 6E 74 2D 4C 65 6E 67 74 68 3A 20 20 ontent-Length:  
20 31 31 39 0D 0A 0D 0A 3C 74 69 74 6C 65 3E 34  119....<title>4
30 30 20 42 61 64 20 52 65 71 75 65 73 74 3C 2F 00 Bad Request</
74 69 74 6C 65 3E 0A 3C 68 31 3E 34 30 30 20 42 title>.<h1>400 B
61 64 20 52 65 71 75 65 73 74 3C 2F 68 31 3E 0A ad Request</h1>.
59 6F 75 72 20 72 65 71 75 65 73 74 20 77 61 73 Your request was
20 6E 6F 74 20 75 6E 64 65 72 73 74 6F 6F 64 20  not understood 
6F 72 20 6E 6F 74 20 61 6C 6C 6F 77 65 64 20 62 or not allowed b
79 20 74 68 69 73 20 73 65 72 76 65 72 2E 0A    y this server..

Sun Nov 13 20:57:50 2016	127.0.0.1:61284 > 192.168.0.1:80
47 45 54 20 2F 20 48 54 54 50 2F 30 2E 39 0A    GET / HTTP/0.9.

Sun Nov 13 20:57:51 2016	127.0.0.1:61284 > 192.168.0.1:80
0A                                              .

Sun Nov 13 20:57:51 2016	127.0.0.1:61284 < 192.168.0.1:80
48 54 54 50 2F 31 2E 31 20 34 30 30 20 42 61 64 HTTP/1.1 400 Bad
20 52 65 71 75 65 73 74 0D 0A 53 65 72 76 65 72  Request..Server
3A 20 4D 61 74 68 6F 70 64 2F 31 2E 35 70 36 0D : Mathopd/1.5p6.
0A 44 61 74 65 3A 20 53 75 6E 2C 20 31 33 20 4E .Date: Sun, 13 N
6F 76 20 32 30 31 36 20 31 39 3A 35 37 3A 34 37 ov 2016 19:57:47
20 47 4D 54 0D 0A 43 6F 6E 74 65 6E 74 2D 54 79  GMT..Content-Ty
70 65 3A 20 74 65 78 74 2F 68 74 6D 6C 0D 0A 43 pe: text/html..C
6F 6E 74 65 6E 74 2D 4C 65 6E 67 74 68 3A 20 20 ontent-Length:  
20 31 31 39 0D 0A 0D 0A 3C 74 69 74 6C 65 3E 34  119....<title>4
30 30 20 42 61 64 20 52 65 71 75 65 73 74 3C 2F 00 Bad Request</
74 69 74 6C 65 3E 0A 3C 68 31 3E 34 30 30 20 42 title>.<h1>400 B
61 64 20 52 65 71 75 65 73 74 3C 2F 68 31 3E 0A ad Request</h1>.
59 6F 75 72 20 72 65 71 75 65 73 74 20 77 61 73 Your request was
20 6E 6F 74 20 75 6E 64 65 72 73 74 6F 6F 64 20  not understood 
6F 72 20 6E 6F 74 20 61 6C 6C 6F 77 65 64 20 62 or not allowed b
79 20 74 68 69 73 20 73 65 72 76 65 72 2E 0A    y this server..

Sun Nov 13 20:59:03 2016	127.0.0.1:61301 > 192.168.0.1:80
73 64 66 73 64 66 0A                            sdfsdf.

Sun Nov 13 21:01:52 2016	127.0.0.1:61348 > 192.168.0.1:80
47 45 54 20 2F 20 48 54 54 50 30 2E 39 0A       GET / HTTP0.9.

Sun Nov 13 21:01:53 2016	127.0.0.1:61348 > 192.168.0.1:80
0A                                              .

Sun Nov 13 21:01:53 2016	127.0.0.1:61348 < 192.168.0.1:80
48 54 54 50 2F 31 2E 31 20 34 30 30 20 42 61 64 HTTP/1.1 400 Bad
20 52 65 71 75 65 73 74 0D 0A 53 65 72 76 65 72  Request..Server
3A 20 4D 61 74 68 6F 70 64 2F 31 2E 35 70 36 0D : Mathopd/1.5p6.
0A 44 61 74 65 3A 20 53 75 6E 2C 20 31 33 20 4E .Date: Sun, 13 N
6F 76 20 32 30 31 36 20 32 30 3A 30 31 3A 34 39 ov 2016 20:01:49
20 47 4D 54 0D 0A 43 6F 6E 74 65 6E 74 2D 54 79  GMT..Content-Ty
70 65 3A 20 74 65 78 74 2F 68 74 6D 6C 0D 0A 43 pe: text/html..C
6F 6E 74 65 6E 74 2D 4C 65 6E 67 74 68 3A 20 20 ontent-Length:  
20 31 31 39 0D 0A 0D 0A 3C 74 69 74 6C 65 3E 34  119....<title>4
30 30 20 42 61 64 20 52 65 71 75 65 73 74 3C 2F 00 Bad Request</
74 69 74 6C 65 3E 0A 3C 68 31 3E 34 30 30 20 42 title>.<h1>400 B
61 64 20 52 65 71 75 65 73 74 3C 2F 68 31 3E 0A ad Request</h1>.
59 6F 75 72 20 72 65 71 75 65 73 74 20 77 61 73 Your request was
20 6E 6F 74 20 75 6E 64 65 72 73 74 6F 6F 64 20  not understood 
6F 72 20 6E 6F 74 20 61 6C 6C 6F 77 65 64 20 62 or not allowed b
79 20 74 68 69 73 20 73 65 72 76 65 72 2E 0A    y this server..

Sun Nov 13 21:05:41 2016	127.0.0.1:61416 > 4.2.2.2:53
00 28 68 18 01 20 00 01 00 00 00 00 00 01 07 65 .(h.. .........e
78 61 6D 70 6C 65 03 63 6F 6D 00 00 01 00 01 00 xample.com......
00 29 10 00 00 00 00 00 00 00                   .)........

Sun Nov 13 21:05:41 2016	127.0.0.1:61416 < 4.2.2.2:53
00 38 68 18 81 80 00 01 00 01 00 00 00 01 07 65 .8h............e
78 61 6D 70 6C 65 03 63 6F 6D 00 00 01 00 01 C0 xample.com......
0C 00 01 00 01 00 00 0B F8 00 04 5D B8 D8 22 00 ...........]..".
00 29 20 00 00 00 00 00 00 00                   .) .......

Sun Nov 13 21:05:41 2016	127.0.0.1:61416 > 4.2.2.2:53
04 01 00 50 5D B8 D8 22 00                      ...P]..".

Sun Nov 13 21:07:10 2016	127.0.0.1:61435 > 4.2.2.2:53
00 28 A6 9B 01 20 00 01 00 00 00 00 00 01 07 65 .(... .........e
78 61 6D 70 6C 65 03 63 6F 6D 00 00 01 00 01 00 xample.com......
00 29 10 00 00 00 00 00 00 00                   .)........

Sun Nov 13 21:07:10 2016	127.0.0.1:61435 < 4.2.2.2:53
00 2D A6 9B 81 80 00 01 00 01 00 00 00 00 07 65 .-.............e
78 61 6D 70 6C 65 03 63 6F 6D 00 00 01 00 01 C0 xample.com......
0C 00 01 00 01 00 00 0B 9F 00 04 5D B8 D8 22    ...........].."

Sun Nov 13 21:07:10 2016	127.0.0.1:61435 > 4.2.2.2:53
04 01 00 50 5D B8 D8 22 00                      ...P]..".

Sun Nov 13 21:08:56 2016	127.0.0.1:61451 > 4.2.2.2:53
00 28 AB D8 01 20 00 01 00 00 00 00 00 01 07 65 .(... .........e
78 61 6D 70 6C 65 03 63 6F 6D 00 00 01 00 01 00 xample.com......
00 29 10 00 00 00 00 00 00 00                   .)........

Sun Nov 13 21:08:56 2016	127.0.0.1:61451 < 4.2.2.2:53
00 2D AB D8 81 80 00 01 00 01 00 00 00 00 07 65 .-.............e
78 61 6D 70 6C 65 03 63 6F 6D 00 00 01 00 01 C0 xample.com......
0C 00 01 00 01 00 00 0B 35 00 04 5D B8 D8 22    ........5..].."

Sun Nov 13 21:08:56 2016	127.0.0.1:61451 > 4.2.2.2:53
04 01 00 50 5D B8 D8 22 00                      ...P]..".

Sun Nov 13 21:10:12 2016	127.0.0.1:61466 > 93.184.216.34:80
47 45 54 20 2F 20 48 54 54 50 2F 31 2E 31 0A    GET / HTTP/1.1.

Sun Nov 13 21:10:12 2016	127.0.0.1:61466 > 93.184.216.34:80
0A                                              .

Sun Nov 13 21:10:12 2016	127.0.0.1:61466 < 93.184.216.34:80
48 54 54 50 2F 31 2E 31 20 34 30 30 20 42 61 64 HTTP/1.1 400 Bad
20 52 65 71 75 65 73 74 0D 0A 43 6F 6E 74 65 6E  Request..Conten
74 2D 54 79 70 65 3A 20 74 65 78 74 2F 68 74 6D t-Type: text/htm
6C 0D 0A 43 6F 6E 74 65 6E 74 2D 4C 65 6E 67 74 l..Content-Lengt
68 3A 20 33 34 39 0D 0A 43 6F 6E 6E 65 63 74 69 h: 349..Connecti
6F 6E 3A 20 63 6C 6F 73 65 0D 0A 44 61 74 65 3A on: close..Date:
20 53 75 6E 2C 20 31 33 20 4E 6F 76 20 32 30 31  Sun, 13 Nov 201
36 20 32 30 3A 31 30 3A 31 33 20 47 4D 54 0D 0A 6 20:10:13 GMT..
53 65 72 76 65 72 3A 20 45 43 53 46 20 28 69 61 Server: ECSF (ia
64 2F 31 38 43 42 29 0D 0A 0D 0A 3C 3F 78 6D 6C d/18CB)....<?xml
20 76 65 72 73 69 6F 6E 3D 22 31 2E 30 22 20 65  version="1.0" e
6E 63 6F 64 69 6E 67 3D 22 69 73 6F 2D 38 38 35 ncoding="iso-885
39 2D 31 22 3F 3E 0A 3C 21 44 4F 43 54 59 50 45 9-1"?>.<!DOCTYPE
20 68 74 6D 6C 20 50 55 42 4C 49 43 20 22 2D 2F  html PUBLIC "-/
2F 57 33 43 2F 2F 44 54 44 20 58 48 54 4D 4C 20 /W3C//DTD XHTML 
31 2E 30 20 54 72 61 6E 73 69 74 69 6F 6E 61 6C 1.0 Transitional
2F 2F 45 4E 22 0A 20 20 20 20 20 20 20 20 20 22 //EN".         "
68 74 74 70 3A 2F 2F 77 77 77 2E 77 33 2E 6F 72 http://www.w3.or
67 2F 54 52 2F 78 68 74 6D 6C 31 2F 44 54 44 2F g/TR/xhtml1/DTD/
78 68 74 6D 6C 31 2D 74 72 61 6E 73 69 74 69 6F xhtml1-transitio
6E 61 6C 2E 64 74 64 22 3E 0A 3C 68 74 6D 6C 20 nal.dtd">.<html 
78 6D 6C 6E 73 3D 22 68 74 74 70 3A 2F 2F 77 77 xmlns="http://ww
77 2E 77 33 2E 6F 72 67 2F 31 39 39 39 2F 78 68 w.w3.org/1999/xh
74 6D 6C 22 20 78 6D 6C 3A 6C 61 6E 67 3D 22 65 tml" xml:lang="e
6E 22 20 6C 61 6E 67 3D 22 65 6E 22 3E 0A 09 3C n" lang="en">..<
68 65 61 64 3E 0A 09 09 3C 74 69 74 6C 65 3E 34 head>...<title>4
30 30 20 2D 20 42 61 64 20 52 65 71 75 65 73 74 00 - Bad Request
3C 2F 74 69 74 6C 65 3E 0A 09 3C 2F 68 65 61 64 </title>..</head
3E 0A 09 3C 62 6F 64 79 3E 0A 09 09 3C 68 31 3E >..<body>...<h1>
34 30 30 20 2D 20 42 61 64 20 52 65 71 75 65 73 400 - Bad Reques
74 3C 2F 68 31 3E 0A 09 3C 2F 62 6F 64 79 3E 0A t</h1>..</body>.
3C 2F 68 74 6D 6C 3E 0A                         </html>.

Sun Nov 13 21:12:45 2016	127.0.0.1:61500 > 93.184.216.34:80
47 45 54 20 2F 20 48 54 54 50 2F 31 2E 31 0A    GET / HTTP/1.1.

Sun Nov 13 21:12:45 2016	127.0.0.1:61500 > 93.184.216.34:80
0A                                              .

Sun Nov 13 21:12:46 2016	127.0.0.1:61500 < 93.184.216.34:80
48 54 54 50 2F 31 2E 31 20 34 30 30 20 42 61 64 HTTP/1.1 400 Bad
20 52 65 71 75 65 73 74 0D 0A 43 6F 6E 74 65 6E  Request..Conten
74 2D 54 79 70 65 3A 20 74 65 78 74 2F 68 74 6D t-Type: text/htm
6C 0D 0A 43 6F 6E 74 65 6E 74 2D 4C 65 6E 67 74 l..Content-Lengt
68 3A 20 33 34 39 0D 0A 43 6F 6E 6E 65 63 74 69 h: 349..Connecti
6F 6E 3A 20 63 6C 6F 73 65 0D 0A 44 61 74 65 3A on: close..Date:
20 53 75 6E 2C 20 31 33 20 4E 6F 76 20 32 30 31  Sun, 13 Nov 201
36 20 32 30 3A 31 32 3A 34 36 20 47 4D 54 0D 0A 6 20:12:46 GMT..
53 65 72 76 65 72 3A 20 45 43 53 46 20 28 69 61 Server: ECSF (ia
64 2F 31 38 43 46 29 0D 0A 0D 0A 3C 3F 78 6D 6C d/18CF)....<?xml
20 76 65 72 73 69 6F 6E 3D 22 31 2E 30 22 20 65  version="1.0" e
6E 63 6F 64 69 6E 67 3D 22 69 73 6F 2D 38 38 35 ncoding="iso-885
39 2D 31 22 3F 3E 0A 3C 21 44 4F 43 54 59 50 45 9-1"?>.<!DOCTYPE
20 68 74 6D 6C 20 50 55 42 4C 49 43 20 22 2D 2F  html PUBLIC "-/
2F 57 33 43 2F 2F 44 54 44 20 58 48 54 4D 4C 20 /W3C//DTD XHTML 
31 2E 30 20 54 72 61 6E 73 69 74 69 6F 6E 61 6C 1.0 Transitional
2F 2F 45 4E 22 0A 20 20 20 20 20 20 20 20 20 22 //EN".         "
68 74 74 70 3A 2F 2F 77 77 77 2E 77 33 2E 6F 72 http://www.w3.or
67 2F 54 52 2F 78 68 74 6D 6C 31 2F 44 54 44 2F g/TR/xhtml1/DTD/
78 68 74 6D 6C 31 2D 74 72 61 6E 73 69 74 69 6F xhtml1-transitio
6E 61 6C 2E 64 74 64 22 3E 0A 3C 68 74 6D 6C 20 nal.dtd">.<html 
78 6D 6C 6E 73 3D 22 68 74 74 70 3A 2F 2F 77 77 xmlns="http://ww
77 2E 77 33 2E 6F 72 67 2F 31 39 39 39 2F 78 68 w.w3.org/1999/xh
74 6D 6C 22 20 78 6D 6C 3A 6C 61 6E 67 3D 22 65 tml" xml:lang="e
6E 22 20 6C 61 6E 67 3D 22 65 6E 22 3E 0A 09 3C n" lang="en">..<
68 65 61 64 3E 0A 09 09 3C 74 69 74 6C 65 3E 34 head>...<title>4
30 30 20 2D 20 42 61 64 20 52 65 71 75 65 73 74 00 - Bad Request
3C 2F 74 69 74 6C 65 3E 0A 09 3C 2F 68 65 61 64 </title>..</head
3E 0A 09 3C 62 6F 64 79 3E 0A 09 09 3C 68 31 3E >..<body>...<h1>
34 30 30 20 2D 20 42 61 64 20 52 65 71 75 65 73 400 - Bad Reques
74 3C 2F 68 31 3E 0A 09 3C 2F 62 6F 64 79 3E 0A t</h1>..</body>.
3C 2F 68 74 6D 6C 3E 0A                         </html>.

Sun Nov 13 21:14:00 2016	127.0.0.1:61518 > 93.184.216.34:80
73 64 66 73 64 0A                               sdfsd.

Sun Nov 13 21:14:00 2016	127.0.0.1:61518 > 93.184.216.34:80
0A                                              .

Sun Nov 13 21:14:01 2016	127.0.0.1:61518 < 93.184.216.34:80
48 54 54 50 2F 31 2E 30 20 35 30 31 20 4E 6F 74 HTTP/1.0 501 Not
20 49 6D 70 6C 65 6D 65 6E 74 65 64 0D 0A 43 6F  Implemented..Co
6E 74 65 6E 74 2D 54 79 70 65 3A 20 74 65 78 74 ntent-Type: text
2F 68 74 6D 6C 0D 0A 43 6F 6E 74 65 6E 74 2D 4C /html..Content-L
65 6E 67 74 68 3A 20 33 35 37 0D 0A 43 6F 6E 6E ength: 357..Conn
65 63 74 69 6F 6E 3A 20 63 6C 6F 73 65 0D 0A 44 ection: close..D
61 74 65 3A 20 53 75 6E 2C 20 31 33 20 4E 6F 76 ate: Sun, 13 Nov
20 32 30 31 36 20 32 30 3A 31 34 3A 30 31 20 47  2016 20:14:01 G
4D 54 0D 0A 53 65 72 76 65 72 3A 20 45 43 53 46 MT..Server: ECSF
20 28 69 61 64 2F 31 38 44 38 29 0D 0A 0D 0A 3C  (iad/18D8)....<
3F 78 6D 6C 20 76 65 72 73 69 6F 6E 3D 22 31 2E ?xml version="1.
30 22 20 65 6E 63 6F 64 69 6E 67 3D 22 69 73 6F 0" encoding="iso
2D 38 38 35 39 2D 31 22 3F 3E 0A 3C 21 44 4F 43 -8859-1"?>.<!DOC
54 59 50 45 20 68 74 6D 6C 20 50 55 42 4C 49 43 TYPE html PUBLIC
20 22 2D 2F 2F 57 33 43 2F 2F 44 54 44 20 58 48  "-//W3C//DTD XH
54 4D 4C 20 31 2E 30 20 54 72 61 6E 73 69 74 69 TML 1.0 Transiti
6F 6E 61 6C 2F 2F 45 4E 22 0A 20 20 20 20 20 20 onal//EN".      
20 20 20 22 68 74 74 70 3A 2F 2F 77 77 77 2E 77    "http://www.w
33 2E 6F 72 67 2F 54 52 2F 78 68 74 6D 6C 31 2F 3.org/TR/xhtml1/
44 54 44 2F 78 68 74 6D 6C 31 2D 74 72 61 6E 73 DTD/xhtml1-trans
69 74 69 6F 6E 61 6C 2E 64 74 64 22 3E 0A 3C 68 itional.dtd">.<h
74 6D 6C 20 78 6D 6C 6E 73 3D 22 68 74 74 70 3A tml xmlns="http:
2F 2F 77 77 77 2E 77 33 2E 6F 72 67 2F 31 39 39 //www.w3.org/199
39 2F 78 68 74 6D 6C 22 20 78 6D 6C 3A 6C 61 6E 9/xhtml" xml:lan
67 3D 22 65 6E 22 20 6C 61 6E 67 3D 22 65 6E 22 g="en" lang="en"
3E 0A 09 3C 68 65 61 64 3E 0A 09 09 3C 74 69 74 >..<head>...<tit
6C 65 3E 35 30 31 20 2D 20 4E 6F 74 20 49 6D 70 le>501 - Not Imp
6C 65 6D 65 6E 74 65 64 3C 2F 74 69 74 6C 65 3E lemented</title>
0A 09 3C 2F 68 65 61 64 3E 0A 09 3C 62 6F 64 79 ..</head>..<body
3E 0A 09 09 3C 68 31 3E 35 30 31 20 2D 20 4E 6F >...<h1>501 - No
74 20 49 6D 70 6C 65 6D 65 6E 74 65 64 3C 2F 68 t Implemented</h
31 3E 0A 09 3C 2F 62 6F 64 79 3E 0A 3C 2F 68 74 1>..</body>.</ht
6D 6C 3E 0A                                     ml>.

Sun Nov 13 21:15:15 2016	127.0.0.1:61535 > 93.184.216.34:80
47 45 54 0A                                     GET.

Sun Nov 13 21:15:16 2016	127.0.0.1:61535 < 93.184.216.34:80
48 54 54 50 2F 31 2E 30 20 35 30 31 20 4E 6F 74 HTTP/1.0 501 Not
20 49 6D 70 6C 65 6D 65 6E 74 65 64 0D 0A 43 6F  Implemented..Co
6E 74 65 6E 74 2D 54 79 70 65 3A 20 74 65 78 74 ntent-Type: text
2F 68 74 6D 6C 0D 0A 43 6F 6E 74 65 6E 74 2D 4C /html..Content-L
65 6E 67 74 68 3A 20 33 35 37 0D 0A 43 6F 6E 6E ength: 357..Conn
65 63 74 69 6F 6E 3A 20 63 6C 6F 73 65 0D 0A 44 ection: close..D
61 74 65 3A 20 53 75 6E 2C 20 31 33 20 4E 6F 76 ate: Sun, 13 Nov
20 32 30 31 36 20 32 30 3A 31 35 3A 31 36 20 47  2016 20:15:16 G
4D 54 0D 0A 53 65 72 76 65 72 3A 20 45 43 53 46 MT..Server: ECSF
20 28 69 61 64 2F 31 39 42 43 29 0D 0A 0D 0A 3C  (iad/19BC)....<
3F 78 6D 6C 20 76 65 72 73 69 6F 6E 3D 22 31 2E ?xml version="1.
30 22 20 65 6E 63 6F 64 69 6E 67 3D 22 69 73 6F 0" encoding="iso
2D 38 38 35 39 2D 31 22 3F 3E 0A 3C 21 44 4F 43 -8859-1"?>.<!DOC
54 59 50 45 20 68 74 6D 6C 20 50 55 42 4C 49 43 TYPE html PUBLIC
20 22 2D 2F 2F 57 33 43 2F 2F 44 54 44 20 58 48  "-//W3C//DTD XH
54 4D 4C 20 31 2E 30 20 54 72 61 6E 73 69 74 69 TML 1.0 Transiti
6F 6E 61 6C 2F 2F 45 4E 22 0A 20 20 20 20 20 20 onal//EN".      
20 20 20 22 68 74 74 70 3A 2F 2F 77 77 77 2E 77    "http://www.w
33 2E 6F 72 67 2F 54 52 2F 78 68 74 6D 6C 31 2F 3.org/TR/xhtml1/
44 54 44 2F 78 68 74 6D 6C 31 2D 74 72 61 6E 73 DTD/xhtml1-trans
69 74 69 6F 6E 61 6C 2E 64 74 64 22 3E 0A 3C 68 itional.dtd">.<h
74 6D 6C 20 78 6D 6C 6E 73 3D 22 68 74 74 70 3A tml xmlns="http:
2F 2F 77 77 77 2E 77 33 2E 6F 72 67 2F 31 39 39 //www.w3.org/199
39 2F 78 68 74 6D 6C 22 20 78 6D 6C 3A 6C 61 6E 9/xhtml" xml:lan
67 3D 22 65 6E 22 20 6C 61 6E 67 3D 22 65 6E 22 g="en" lang="en"
3E 0A 09 3C 68 65 61 64 3E 0A 09 09 3C 74 69 74 >..<head>...<tit
6C 65 3E 35 30 31 20 2D 20 4E 6F 74 20 49 6D 70 le>501 - Not Imp
6C 65 6D 65 6E 74 65 64 3C 2F 74 69 74 6C 65 3E lemented</title>
0A 09 3C 2F 68 65 61 64 3E 0A 09 3C 62 6F 64 79 ..</head>..<body
3E 0A 09 09 3C 68 31 3E 35 30 31 20 2D 20 4E 6F >...<h1>501 - No
74 20 49 6D 70 6C 65 6D 65 6E 74 65 64 3C 2F 68 t Implemented</h
31 3E 0A 09 3C 2F 62 6F 64 79 3E 0A 3C 2F 68 74 1>..</body>.</ht
6D 6C 3E 0A                                     ml>.

Sun Nov 13 21:16:08 2016	127.0.0.1:61548 > 93.184.216.34:80
67 0A                                           g.

Sun Nov 13 21:16:08 2016	127.0.0.1:61548 < 93.184.216.34:80
48 54 54 50 2F 31 2E 30 20 35 30 31 20 4E 6F 74 HTTP/1.0 501 Not
20 49 6D 70 6C 65 6D 65 6E 74 65 64 0D 0A 43 6F  Implemented..Co
6E 74 65 6E 74 2D 54 79 70 65 3A 20 74 65 78 74 ntent-Type: text
2F 68 74 6D 6C 0D 0A 43 6F 6E 74 65 6E 74 2D 4C /html..Content-L
65 6E 67 74 68 3A 20 33 35 37 0D 0A 43 6F 6E 6E ength: 357..Conn
65 63 74 69 6F 6E 3A 20 63 6C 6F 73 65 0D 0A 44 ection: close..D
61 74 65 3A 20 53 75 6E 2C 20 31 33 20 4E 6F 76 ate: Sun, 13 Nov
20 32 30 31 36 20 32 30 3A 31 36 3A 30 39 20 47  2016 20:16:09 G
4D 54 0D 0A 53 65 72 76 65 72 3A 20 45 43 53 46 MT..Server: ECSF
20 28 69 61 64 2F 31 39 41 45 29 0D 0A 0D 0A 3C  (iad/19AE)....<
3F 78 6D 6C 20 76 65 72 73 69 6F 6E 3D 22 31 2E ?xml version="1.
30 22 20 65 6E 63 6F 64 69 6E 67 3D 22 69 73 6F 0" encoding="iso
2D 38 38 35 39 2D 31 22 3F 3E 0A 3C 21 44 4F 43 -8859-1"?>.<!DOC
54 59 50 45 20 68 74 6D 6C 20 50 55 42 4C 49 43 TYPE html PUBLIC
20 22 2D 2F 2F 57 33 43 2F 2F 44 54 44 20 58 48  "-//W3C//DTD XH
54 4D 4C 20 31 2E 30 20 54 72 61 6E 73 69 74 69 TML 1.0 Transiti
6F 6E 61 6C 2F 2F 45 4E 22 0A 20 20 20 20 20 20 onal//EN".      
20 20 20 22 68 74 74 70 3A 2F 2F 77 77 77 2E 77    "http://www.w
33 2E 6F 72 67 2F 54 52 2F 78 68 74 6D 6C 31 2F 3.org/TR/xhtml1/
44 54 44 2F 78 68 74 6D 6C 31 2D 74 72 61 6E 73 DTD/xhtml1-trans
69 74 69 6F 6E 61 6C 2E 64 74 64 22 3E 0A 3C 68 itional.dtd">.<h
74 6D 6C 20 78 6D 6C 6E 73 3D 22 68 74 74 70 3A tml xmlns="http:
2F 2F 77 77 77 2E 77 33 2E 6F 72 67 2F 31 39 39 //www.w3.org/199
39 2F 78 68 74 6D 6C 22 20 78 6D 6C 3A 6C 61 6E 9/xhtml" xml:lan
67 3D 22 65 6E 22 20 6C 61 6E 67 3D 22 65 6E 22 g="en" lang="en"
3E 0A 09 3C 68 65 61 64 3E 0A 09 09 3C 74 69 74 >..<head>...<tit
6C 65 3E 35 30 31 20 2D 20 4E 6F 74 20 49 6D 70 le>501 - Not Imp
6C 65 6D 65 6E 74 65 64 3C 2F 74 69 74 6C 65 3E lemented</title>
0A 09 3C 2F 68 65 61 64 3E 0A 09 3C 62 6F 64 79 ..</head>..<body
3E 0A 09 09 3C 68 31 3E 35 30 31 20 2D 20 4E 6F >...<h1>501 - No
74 20 49 6D 70 6C 65 6D 65 6E 74 65 64 3C 2F 68 t Implemented</h
31 3E 0A 09 3C 2F 62 6F 64 79 3E 0A 3C 2F 68 74 1>..</body>.</ht
6D 6C 3E 0A                                     ml>.

Sun Nov 13 21:18:18 2016	127.0.0.1:61571 > 93.184.216.34:80
73 65 66 73 64 66 0A                            sefsdf.

Sun Nov 13 21:18:18 2016	127.0.0.1:61571 < 93.184.216.34:80
48 54 54 50 2F 31 2E 30 20 35 30 31 20 4E 6F 74 HTTP/1.0 501 Not
20 49 6D 70 6C 65 6D 65 6E 74 65 64 0D 0A 43 6F  Implemented..Co
6E 74 65 6E 74 2D 54 79 70 65 3A 20 74 65 78 74 ntent-Type: text
2F 68 74 6D 6C 0D 0A 43 6F 6E 74 65 6E 74 2D 4C /html..Content-L
65 6E 67 74 68 3A 20 33 35 37 0D 0A 43 6F 6E 6E ength: 357..Conn
65 63 74 69 6F 6E 3A 20 63 6C 6F 73 65 0D 0A 44 ection: close..D
61 74 65 3A 20 53 75 6E 2C 20 31 33 20 4E 6F 76 ate: Sun, 13 Nov
20 32 30 31 36 20 32 30 3A 31 38 3A 31 39 20 47  2016 20:18:19 G
4D 54 0D 0A 53 65 72 76 65 72 3A 20 45 43 53 46 MT..Server: ECSF
20 28 69 61 64 2F 31 38 43 41 29 0D 0A 0D 0A 3C  (iad/18CA)....<
3F 78 6D 6C 20 76 65 72 73 69 6F 6E 3D 22 31 2E ?xml version="1.
30 22 20 65 6E 63 6F 64 69 6E 67 3D 22 69 73 6F 0" encoding="iso
2D 38 38 35 39 2D 31 22 3F 3E 0A 3C 21 44 4F 43 -8859-1"?>.<!DOC
54 59 50 45 20 68 74 6D 6C 20 50 55 42 4C 49 43 TYPE html PUBLIC
20 22 2D 2F 2F 57 33 43 2F 2F 44 54 44 20 58 48  "-//W3C//DTD XH
54 4D 4C 20 31 2E 30 20 54 72 61 6E 73 69 74 69 TML 1.0 Transiti
6F 6E 61 6C 2F 2F 45 4E 22 0A 20 20 20 20 20 20 onal//EN".      
20 20 20 22 68 74 74 70 3A 2F 2F 77 77 77 2E 77    "http://www.w
33 2E 6F 72 67 2F 54 52 2F 78 68 74 6D 6C 31 2F 3.org/TR/xhtml1/
44 54 44 2F 78 68 74 6D 6C 31 2D 74 72 61 6E 73 DTD/xhtml1-trans
69 74 69 6F 6E 61 6C 2E 64 74 64 22 3E 0A 3C 68 itional.dtd">.<h
74 6D 6C 20 78 6D 6C 6E 73 3D 22 68 74 74 70 3A tml xmlns="http:
2F 2F 77 77 77 2E 77 33 2E 6F 72 67 2F 31 39 39 //www.w3.org/199
39 2F 78 68 74 6D 6C 22 20 78 6D 6C 3A 6C 61 6E 9/xhtml" xml:lan
67 3D 22 65 6E 22 20 6C 61 6E 67 3D 22 65 6E 22 g="en" lang="en"
3E 0A 09 3C 68 65 61 64 3E 0A 09 09 3C 74 69 74 >..<head>...<tit
6C 65 3E 35 30 31 20 2D 20 4E 6F 74 20 49 6D 70 le>501 - Not Imp
6C 65 6D 65 6E 74 65 64 3C 2F 74 69 74 6C 65 3E lemented</title>
0A 09 3C 2F 68 65 61 64 3E 0A 09 3C 62 6F 64 79 ..</head>..<body
3E 0A 09 09 3C 68 31 3E 35 30 31 20 2D 20 4E 6F >...<h1>501 - No
74 20 49 6D 70 6C 65 6D 65 6E 74 65 64 3C 2F 68 t Implemented</h
31 3E 0A 09 3C 2F 62 6F 64 79 3E 0A 3C 2F 68 74 1>..</body>.</ht
6D 6C 3E 0A                                     ml>.

Sun Nov 13 21:19:31 2016	127.0.0.1:61592 > 93.184.216.34:80
47 45 54 0A                                     GET.

Sun Nov 13 21:19:32 2016	127.0.0.1:61592 < 93.184.216.34:80
48 54 54 50 2F 31 2E 30 20 35 30 31 20 4E 6F 74 HTTP/1.0 501 Not
20 49 6D 70 6C 65 6D 65 6E 74 65 64 0D 0A 43 6F  Implemented..Co
6E 74 65 6E 74 2D 54 79 70 65 3A 20 74 65 78 74 ntent-Type: text
2F 68 74 6D 6C 0D 0A 43 6F 6E 74 65 6E 74 2D 4C /html..Content-L
65 6E 67 74 68 3A 20 33 35 37 0D 0A 43 6F 6E 6E ength: 357..Conn
65 63 74 69 6F 6E 3A 20 63 6C 6F 73 65 0D 0A 44 ection: close..D
61 74 65 3A 20 53 75 6E 2C 20 31 33 20 4E 6F 76 ate: Sun, 13 Nov
20 32 30 31 36 20 32 30 3A 31 39 3A 33 32 20 47  2016 20:19:32 G
4D 54 0D 0A 53 65 72 76 65 72 3A 20 45 43 53 46 MT..Server: ECSF
20 28 69 61 64 2F 31 38 45 45 29 0D 0A 0D 0A 3C  (iad/18EE)....<
3F 78 6D 6C 20 76 65 72 73 69 6F 6E 3D 22 31 2E ?xml version="1.
30 22 20 65 6E 63 6F 64 69 6E 67 3D 22 69 73 6F 0" encoding="iso
2D 38 38 35 39 2D 31 22 3F 3E 0A 3C 21 44 4F 43 -8859-1"?>.<!DOC
54 59 50 45 20 68 74 6D 6C 20 50 55 42 4C 49 43 TYPE html PUBLIC
20 22 2D 2F 2F 57 33 43 2F 2F 44 54 44 20 58 48  "-//W3C//DTD XH
54 4D 4C 20 31 2E 30 20 54 72 61 6E 73 69 74 69 TML 1.0 Transiti
6F 6E 61 6C 2F 2F 45 4E 22 0A 20 20 20 20 20 20 onal//EN".      
20 20 20 22 68 74 74 70 3A 2F 2F 77 77 77 2E 77    "http://www.w
33 2E 6F 72 67 2F 54 52 2F 78 68 74 6D 6C 31 2F 3.org/TR/xhtml1/
44 54 44 2F 78 68 74 6D 6C 31 2D 74 72 61 6E 73 DTD/xhtml1-trans
69 74 69 6F 6E 61 6C 2E 64 74 64 22 3E 0A 3C 68 itional.dtd">.<h
74 6D 6C 20 78 6D 6C 6E 73 3D 22 68 74 74 70 3A tml xmlns="http:
2F 2F 77 77 77 2E 77 33 2E 6F 72 67 2F 31 39 39 //www.w3.org/199
39 2F 78 68 74 6D 6C 22 20 78 6D 6C 3A 6C 61 6E 9/xhtml" xml:lan
67 3D 22 65 6E 22 20 6C 61 6E 67 3D 22 65 6E 22 g="en" lang="en"
3E 0A 09 3C 68 65 61 64 3E 0A 09 09 3C 74 69 74 >..<head>...<tit
6C 65 3E 35 30 31 20 2D 20 4E 6F 74 20 49 6D 70 le>501 - Not Imp
6C 65 6D 65 6E 74 65 64 3C 2F 74 69 74 6C 65 3E lemented</title>
0A 09 3C 2F 68 65 61 64 3E 0A 09 3C 62 6F 64 79 ..</head>..<body
3E 0A 09 09 3C 68 31 3E 35 30 31 20 2D 20 4E 6F >...<h1>501 - No
74 20 49 6D 70 6C 65 6D 65 6E 74 65 64 3C 2F 68 t Implemented</h
31 3E 0A 09 3C 2F 62 6F 64 79 3E 0A 3C 2F 68 74 1>..</body>.</ht
6D 6C 3E 0A                                     ml>.

Sun Nov 13 21:27:46 2016	127.0.0.1:61762 > 93.184.216.34:80
47 45 54 20 2F 20 48 54 54 50 2F 31 2E 31 0A    GET / HTTP/1.1.

Sun Nov 13 21:27:47 2016	127.0.0.1:61762 > 93.184.216.34:80
0A                                              .

Sun Nov 13 21:27:47 2016	127.0.0.1:61762 < 93.184.216.34:80
48 54 54 50 2F 31 2E 31 20 34 30 30 20 42 61 64 HTTP/1.1 400 Bad
20 52 65 71 75 65 73 74 0D 0A 43 6F 6E 74 65 6E  Request..Conten
74 2D 54 79 70 65 3A 20 74 65 78 74 2F 68 74 6D t-Type: text/htm
6C 0D 0A 43 6F 6E 74 65 6E 74 2D 4C 65 6E 67 74 l..Content-Lengt
68 3A 20 33 34 39 0D 0A 43 6F 6E 6E 65 63 74 69 h: 349..Connecti
6F 6E 3A 20 63 6C 6F 73 65 0D 0A 44 61 74 65 3A on: close..Date:
20 53 75 6E 2C 20 31 33 20 4E 6F 76 20 32 30 31  Sun, 13 Nov 201
36 20 32 30 3A 32 37 3A 34 37 20 47 4D 54 0D 0A 6 20:27:47 GMT..
53 65 72 76 65 72 3A 20 45 43 53 46 20 28 69 61 Server: ECSF (ia
64 2F 31 38 43 44 29 0D 0A 0D 0A 3C 3F 78 6D 6C d/18CD)....<?xml
20 76 65 72 73 69 6F 6E 3D 22 31 2E 30 22 20 65  version="1.0" e
6E 63 6F 64 69 6E 67 3D 22 69 73 6F 2D 38 38 35 ncoding="iso-885
39 2D 31 22 3F 3E 0A 3C 21 44 4F 43 54 59 50 45 9-1"?>.<!DOCTYPE
20 68 74 6D 6C 20 50 55 42 4C 49 43 20 22 2D 2F  html PUBLIC "-/
2F 57 33 43 2F 2F 44 54 44 20 58 48 54 4D 4C 20 /W3C//DTD XHTML 
31 2E 30 20 54 72 61 6E 73 69 74 69 6F 6E 61 6C 1.0 Transitional
2F 2F 45 4E 22 0A 20 20 20 20 20 20 20 20 20 22 //EN".         "
68 74 74 70 3A 2F 2F 77 77 77 2E 77 33 2E 6F 72 http://www.w3.or
67 2F 54 52 2F 78 68 74 6D 6C 31 2F 44 54 44 2F g/TR/xhtml1/DTD/
78 68 74 6D 6C 31 2D 74 72 61 6E 73 69 74 69 6F xhtml1-transitio
6E 61 6C 2E 64 74 64 22 3E 0A 3C 68 74 6D 6C 20 nal.dtd">.<html 
78 6D 6C 6E 73 3D 22 68 74 74 70 3A 2F 2F 77 77 xmlns="http://ww
77 2E 77 33 2E 6F 72 67 2F 31 39 39 39 2F 78 68 w.w3.org/1999/xh
74 6D 6C 22 20 78 6D 6C 3A 6C 61 6E 67 3D 22 65 tml" xml:lang="e
6E 22 20 6C 61 6E 67 3D 22 65 6E 22 3E 0A 09 3C n" lang="en">..<
68 65 61 64 3E 0A 09 09 3C 74 69 74 6C 65 3E 34 head>...<title>4
30 30 20 2D 20 42 61 64 20 52 65 71 75 65 73 74 00 - Bad Request
3C 2F 74 69 74 6C 65 3E 0A 09 3C 2F 68 65 61 64 </title>..</head
3E 0A 09 3C 62 6F 64 79 3E 0A 09 09 3C 68 31 3E >..<body>...<h1>
34 30 30 20 2D 20 42 61 64 20 52 65 71 75 65 73 400 - Bad Reques
74 3C 2F 68 31 3E 0A 09 3C 2F 62 6F 64 79 3E 0A t</h1>..</body>.
3C 2F 68 74 6D 6C 3E 0A                         </html>.

Sun Nov 13 21:28:35 2016	127.0.0.1:61777 > 93.184.216.34:80
73 64 66 67 64 66 67 0A                         sdfgdfg.

Sun Nov 13 21:28:35 2016	127.0.0.1:61777 < 93.184.216.34:80
48 54 54 50 2F 31 2E 30 20 35 30 31 20 4E 6F 74 HTTP/1.0 501 Not
20 49 6D 70 6C 65 6D 65 6E 74 65 64 0D 0A 43 6F  Implemented..Co
6E 74 65 6E 74 2D 54 79 70 65 3A 20 74 65 78 74 ntent-Type: text
2F 68 74 6D 6C 0D 0A 43 6F 6E 74 65 6E 74 2D 4C /html..Content-L
65 6E 67 74 68 3A 20 33 35 37 0D 0A 43 6F 6E 6E ength: 357..Conn
65 63 74 69 6F 6E 3A 20 63 6C 6F 73 65 0D 0A 44 ection: close..D
61 74 65 3A 20 53 75 6E 2C 20 31 33 20 4E 6F 76 ate: Sun, 13 Nov
20 32 30 31 36 20 32 30 3A 32 38 3A 33 35 20 47  2016 20:28:35 G
4D 54 0D 0A 53 65 72 76 65 72 3A 20 45 43 53 46 MT..Server: ECSF
20 28 69 61 64 2F 31 38 44 38 29 0D 0A 0D 0A 3C  (iad/18D8)....<
3F 78 6D 6C 20 76 65 72 73 69 6F 6E 3D 22 31 2E ?xml version="1.
30 22 20 65 6E 63 6F 64 69 6E 67 3D 22 69 73 6F 0" encoding="iso
2D 38 38 35 39 2D 31 22 3F 3E 0A 3C 21 44 4F 43 -8859-1"?>.<!DOC
54 59 50 45 20 68 74 6D 6C 20 50 55 42 4C 49 43 TYPE html PUBLIC
20 22 2D 2F 2F 57 33 43 2F 2F 44 54 44 20 58 48  "-//W3C//DTD XH
54 4D 4C 20 31 2E 30 20 54 72 61 6E 73 69 74 69 TML 1.0 Transiti
6F 6E 61 6C 2F 2F 45 4E 22 0A 20 20 20 20 20 20 onal//EN".      
20 20 20 22 68 74 74 70 3A 2F 2F 77 77 77 2E 77    "http://www.w
33 2E 6F 72 67 2F 54 52 2F 78 68 74 6D 6C 31 2F 3.org/TR/xhtml1/
44 54 44 2F 78 68 74 6D 6C 31 2D 74 72 61 6E 73 DTD/xhtml1-trans
69 74 69 6F 6E 61 6C 2E 64 74 64 22 3E 0A 3C 68 itional.dtd">.<h
74 6D 6C 20 78 6D 6C 6E 73 3D 22 68 74 74 70 3A tml xmlns="http:
2F 2F 77 77 77 2E 77 33 2E 6F 72 67 2F 31 39 39 //www.w3.org/199
39 2F 78 68 74 6D 6C 22 20 78 6D 6C 3A 6C 61 6E 9/xhtml" xml:lan
67 3D 22 65 6E 22 20 6C 61 6E 67 3D 22 65 6E 22 g="en" lang="en"
3E 0A 09 3C 68 65 61 64 3E 0A 09 09 3C 74 69 74 >..<head>...<tit
6C 65 3E 35 30 31 20 2D 20 4E 6F 74 20 49 6D 70 le>501 - Not Imp
6C 65 6D 65 6E 74 65 64 3C 2F 74 69 74 6C 65 3E lemented</title>
0A 09 3C 2F 68 65 61 64 3E 0A 09 3C 62 6F 64 79 ..</head>..<body
3E 0A 09 09 3C 68 31 3E 35 30 31 20 2D 20 4E 6F >...<h1>501 - No
74 20 49 6D 70 6C 65 6D 65 6E 74 65 64 3C 2F 68 t Implemented</h
31 3E 0A 09 3C 2F 62 6F 64 79 3E 0A 3C 2F 68 74 1>..</body>.</ht
6D 6C 3E 0A                                     ml>.

Sun Nov 13 21:28:48 2016	127.0.0.1:61785 > 93.184.216.34:80
47 45 54 20 2F 20 48 54 54 50 2F 31 2E 31 0A    GET / HTTP/1.1.

Sun Nov 13 21:28:50 2016	127.0.0.1:61785 > 93.184.216.34:80
0A                                              .

Sun Nov 13 21:28:50 2016	127.0.0.1:61785 < 93.184.216.34:80
48 54 54 50 2F 31 2E 31 20 34 30 30 20 42 61 64 HTTP/1.1 400 Bad
20 52 65 71 75 65 73 74 0D 0A 43 6F 6E 74 65 6E  Request..Conten
74 2D 54 79 70 65 3A 20 74 65 78 74 2F 68 74 6D t-Type: text/htm
6C 0D 0A 43 6F 6E 74 65 6E 74 2D 4C 65 6E 67 74 l..Content-Lengt
68 3A 20 33 34 39 0D 0A 43 6F 6E 6E 65 63 74 69 h: 349..Connecti
6F 6E 3A 20 63 6C 6F 73 65 0D 0A 44 61 74 65 3A on: close..Date:
20 53 75 6E 2C 20 31 33 20 4E 6F 76 20 32 30 31  Sun, 13 Nov 201
36 20 32 30 3A 32 38 3A 35 30 20 47 4D 54 0D 0A 6 20:28:50 GMT..
53 65 72 76 65 72 3A 20 45 43 53 46 20 28 69 61 Server: ECSF (ia
64 2F 31 38 45 42 29 0D 0A 0D 0A 3C 3F 78 6D 6C d/18EB)....<?xml
20 76 65 72 73 69 6F 6E 3D 22 31 2E 30 22 20 65  version="1.0" e
6E 63 6F 64 69 6E 67 3D 22 69 73 6F 2D 38 38 35 ncoding="iso-885
39 2D 31 22 3F 3E 0A 3C 21 44 4F 43 54 59 50 45 9-1"?>.<!DOCTYPE
20 68 74 6D 6C 20 50 55 42 4C 49 43 20 22 2D 2F  html PUBLIC "-/
2F 57 33 43 2F 2F 44 54 44 20 58 48 54 4D 4C 20 /W3C//DTD XHTML 
31 2E 30 20 54 72 61 6E 73 69 74 69 6F 6E 61 6C 1.0 Transitional
2F 2F 45 4E 22 0A 20 20 20 20 20 20 20 20 20 22 //EN".         "
68 74 74 70 3A 2F 2F 77 77 77 2E 77 33 2E 6F 72 http://www.w3.or
67 2F 54 52 2F 78 68 74 6D 6C 31 2F 44 54 44 2F g/TR/xhtml1/DTD/
78 68 74 6D 6C 31 2D 74 72 61 6E 73 69 74 69 6F xhtml1-transitio
6E 61 6C 2E 64 74 64 22 3E 0A 3C 68 74 6D 6C 20 nal.dtd">.<html 
78 6D 6C 6E 73 3D 22 68 74 74 70 3A 2F 2F 77 77 xmlns="http://ww
77 2E 77 33 2E 6F 72 67 2F 31 39 39 39 2F 78 68 w.w3.org/1999/xh
74 6D 6C 22 20 78 6D 6C 3A 6C 61 6E 67 3D 22 65 tml" xml:lang="e
6E 22 20 6C 61 6E 67 3D 22 65 6E 22 3E 0A 09 3C n" lang="en">..<
68 65 61 64 3E 0A 09 09 3C 74 69 74 6C 65 3E 34 head>...<title>4
30 30 20 2D 20 42 61 64 20 52 65 71 75 65 73 74 00 - Bad Request
3C 2F 74 69 74 6C 65 3E 0A 09 3C 2F 68 65 61 64 </title>..</head
3E 0A 09 3C 62 6F 64 79 3E 0A 09 09 3C 68 31 3E >..<body>...<h1>
34 30 30 20 2D 20 42 61 64 20 52 65 71 75 65 73 400 - Bad Reques
74 3C 2F 68 31 3E 0A 09 3C 2F 62 6F 64 79 3E 0A t</h1>..</body>.
3C 2F 68 74 6D 6C 3E 0A                         </html>.

Sun Nov 13 21:33:06 2016	127.0.0.1:61793 > 4.2.2.2:53
00 2D D4 4C 01 20 00 01 00 00 00 00 00 01 09 75 .-.L. .........u
70 64 61 74 65 6D 61 6E 03 75 67 75 02 70 6C 00 pdateman.ugu.pl.
00 01 00 01 00 00 29 10 00 00 00 00 00 00 00    ......)........

Sun Nov 13 21:33:06 2016	127.0.0.1:61793 < 4.2.2.2:53
00 3D D4 4C 81 80 00 01 00 01 00 00 00 01 09 75 .=.L...........u
70 64 61 74 65 6D 61 6E 03 75 67 75 02 70 6C 00 pdateman.ugu.pl.
00 01 00 01 C0 0C 00 01 00 01 00 00 02 58 00 04 .............X..
B2 21 31 89 00 00 29 20 00 00 00 00 00 00 00    .!1...) .......

Sun Nov 13 21:34:02 2016	127.0.0.1:61935 > 4.2.2.2:53
00 2D C2 3A 01 20 00 01 00 00 00 00 00 01 09 75 .-.:. .........u
70 64 61 74 65 6D 61 6E 03 75 67 75 02 70 6C 00 pdateman.ugu.pl.
00 01 00 01 00 00 29 10 00 00 00 00 00 00 00    ......)........

Sun Nov 13 21:34:02 2016	127.0.0.1:61935 < 4.2.2.2:53
00 3D C2 3A 81 80 00 01 00 01 00 00 00 01 09 75 .=.:...........u
70 64 61 74 65 6D 61 6E 03 75 67 75 02 70 6C 00 pdateman.ugu.pl.
00 01 00 01 C0 0C 00 01 00 01 00 00 02 20 00 04 ............. ..
B2 21 31 89 00 00 29 20 00 00 00 00 00 00 00    .!1...) .......

Sun Nov 13 21:34:57 2016	127.0.0.1:61943 > 178.33.49.137:80
47 45 54 20 2F 20 48 54 54 50 2F 30 2E 39 0A    GET / HTTP/0.9.

Sun Nov 13 21:34:57 2016	127.0.0.1:61943 > 178.33.49.137:80
0A                                              .

Sun Nov 13 21:34:57 2016	127.0.0.1:61943 < 178.33.49.137:80
48 54 54 50 2F 31 2E 31 20 32 30 30 20 4F 4B 0D HTTP/1.1 200 OK.
0A 44 61 74 65 3A 20 53 75 6E 2C 20 31 33 20 4E .Date: Sun, 13 N
6F 76 20 32 30 31 36 20 32 30 3A 33 34 3A 35 38 ov 2016 20:34:58
20 47 4D 54 0D 0A 53 65 72 76 65 72 3A 20 41 70  GMT..Server: Ap
61 63 68 65 0D 0A 4C 61 73 74 2D 4D 6F 64 69 66 ache..Last-Modif
69 65 64 3A 20 57 65 64 2C 20 31 31 20 41 75 67 ied: Wed, 11 Aug
20 32 30 31 30 20 31 32 3A 30 33 3A 30 30 20 47  2010 12:03:00 G
4D 54 0D 0A 41 63 63 65 70 74 2D 52 61 6E 67 65 MT..Accept-Range
73 3A 20 62 79 74 65 73 0D 0A 56 61 72 79 3A 20 s: bytes..Vary: 
41 63 63 65 70 74 2D 45 6E 63 6F 64 69 6E 67 0D Accept-Encoding.
0A 43 6F 6E 74 65 6E 74 2D 4C 65 6E 67 74 68 3A .Content-Length:
20 32 31 30 33 0D 0A 43 6F 6E 6E 65 63 74 69 6F  2103..Connectio
6E 3A 20 63 6C 6F 73 65 0D 0A 43 6F 6E 74 65 6E n: close..Conten
74 2D 54 79 70 65 3A 20 74 65 78 74 2F 68 74 6D t-Type: text/htm
6C 0D 0A 0D 0A                                  l....

Sun Nov 13 21:34:57 2016	127.0.0.1:61943 < 178.33.49.137:80
3C 21 44 4F 43 54 59 50 45 20 68 74 6D 6C 20 50 <!DOCTYPE html P
55 42 4C 49 43 20 22 2D 2F 2F 57 33 43 2F 2F 44 UBLIC "-//W3C//D
54 44 20 58 48 54 4D 4C 20 31 2E 30 20 54 72 61 TD XHTML 1.0 Tra
6E 73 69 74 69 6F 6E 61 6C 2F 2F 45 4E 22 0A 09 nsitional//EN"..
09 20 20 22 68 74 74 70 3A 2F 2F 77 77 77 2E 77 .  "http://www.w
33 2E 6F 72 67 2F 54 52 2F 78 68 74 6D 6C 31 2F 3.org/TR/xhtml1/
44 54 44 2F 78 68 74 6D 6C 31 2D 74 72 61 6E 73 DTD/xhtml1-trans
69 74 69 6F 6E 61 6C 2E 64 74 64 22 3E 0A 3C 68 itional.dtd">.<h
74 6D 6C 20 6C 61 6E 67 3D 22 70 6C 22 3E 0A 3C tml lang="pl">.<
68 65 61 64 3E 0A 09 3C 74 69 74 6C 65 3E 75 67 head>..<title>ug
75 2E 70 6C 20 2D 20 44 61 72 6D 6F 77 79 20 68 u.pl - Darmowy h
6F 73 74 69 6E 67 3C 2F 74 69 74 6C 65 3E 0A 09 osting</title>..
3C 6D 65 74 61 20 68 74 74 70 2D 65 71 75 69 76 <meta http-equiv
3D 22 43 6F 6E 74 65 6E 74 2D 54 79 70 65 22 20 ="Content-Type" 
63 6F 6E 74 65 6E 74 3D 22 74 65 78 74 2F 68 74 content="text/ht
6D 6C 3B 20 63 68 61 72 73 65 74 3D 75 74 66 2D ml; charset=utf-
38 22 20 2F 3E 0A 09 3C 6C 69 6E 6B 20 72 65 6C 8" />..<link rel
3D 22 53 74 79 6C 65 53 68 65 65 74 22 20 68 72 ="StyleSheet" hr
65 66 3D 22 68 74 74 70 3A 2F 2F 69 6D 67 2E 75 ef="http://img.u
67 75 2E 70 6C 2F 75 67 75 2E 63 73 73 22 20 74 gu.pl/ugu.css" t
79 70 65 3D 22 74 65 78 74 2F 63 73 73 22 20 2F ype="text/css" /
3E 0A 0A 3C 73 63 72 69 70 74 20 74 79 70 65 3D >..<script type=
27 74 65 78 74 2F 6A 61 76 61 73 63 72 69 70 74 'text/javascript
27 20 73 72 63 3D 27 68 74 74 70 3A 2F 2F 70 61 ' src='http://pa
72 74 6E 65 72 2E 67 6F 6F 67 6C 65 61 64 73 65 rtner.googleadse
72 76 69 63 65 73 2E 63 6F 6D 2F 67 61 6D 70 61 rvices.com/gampa
64 2F 67 6F 6F 67 6C 65 5F 73 65 72 76 69 63 65 d/google_service
2E 6A 73 27 3E 0A 3C 2F 73 63 72 69 70 74 3E 0A .js'>.</script>.
3C 73 63 72 69 70 74 20 74 79 70 65 3D 27 74 65 <script type='te
78 74 2F 6A 61 76 61 73 63 72 69 70 74 27 3E 0A xt/javascript'>.
47 53 5F 67 6F 6F 67 6C 65 41 64 64 41 64 53 65 GS_googleAddAdSe
6E 73 65 53 65 72 76 69 63 65 28 22 63 61 2D 70 nseService("ca-p
75 62 2D 32 38 31 39 30 33 37 31 38 38 39 37 39 ub-2819037188979
37 35 39 22 29 3B 0A 47 53 5F 67 6F 6F 67 6C 65 759");.GS_google
45 6E 61 62 6C 65 41 6C 6C 53 65 72 76 69 63 65 EnableAllService
73 28 29 3B 0A 3C 2F 73 63 72 69 70 74 3E 0A 3C s();.</script>.<
73 63 72 69 70 74 20 74 79 70 65 3D 27 74 65 78 script type='tex
74 2F 6A 61 76 61 73 63 72 69 70 74 27 3E 0A 47 t/javascript'>.G
41 5F 67 6F 6F 67 6C 65 41 64 64 53 6C 6F 74 28 A_googleAddSlot(
22 63 61 2D 70 75 62 2D 32 38 31 39 30 33 37 31 "ca-pub-28190371
38 38 39 37 39 37 35 39 22 2C 20 22 55 47 55 5F 88979759", "UGU_
50 4C 5F 57 6F 6C 6E 65 41 64 72 65 73 79 5F 43 PL_WolneAdresy_C
53 57 45 5F 6E 61 67 6C 6F 77 65 6B 5F 37 32 38 SWE_naglowek_728
78 39 30 22 29 3B 0A 3C 2F 73 63 72 69 70 74 3E x90");.</script>
0A 3C 73 63 72 69 70 74 20 74 79 70 65 3D 27 74 .<script type='t
65 78 74 2F 6A 61 76 61 73 63 72 69 70 74 27 3E ext/javascript'>
0A 47 41 5F 67 6F 6F 67 6C 65 46 65 74 63 68 41 .GA_googleFetchA
64 73 28 29 3B 0A 3C 2F 73 63 72 69 70 74 3E 0A ds();.</script>.
0A 3C 73 63 72 69 70 74 20 74 79 70 65 3D 22 74 .<script type="t
65 78 74 2F 6A 61 76 61 73 63 72 69 70 74 22 3E ext/javascript">
0A 0A 20 20 76 61 72 20 5F 67 61 71 20 3D 20 5F ..  var _gaq = _
67 61 71 20 7C 7C 20 5B 5D 3B 0A 20 20 5F 67 61 gaq || [];.  _ga
71 2E 70 75 73 68 28 5B 27 5F 73 65 74 41 63 63 q.push(['_setAcc
6F 75 6E 74 27 2C 20 27 55 41 2D 31 36 36 35 34 ount', 'UA-16654
34 36 2D 36 27 5D 29 3B 0A 20 20 5F 67 61 71 2E 46-6']);.  _gaq.
70 75 73 68 28 5B 27 5F 73 65 74 44 6F 6D 61 69 push(['_setDomai
6E 4E 61 6D 65 27 2C 20 27 6E 6F 6E 65 27 5D 29 nName', 'none'])
3B 0A 20 20 5F 67 61 71 2E 70 75 73 68 28 5B 27 ;.  _gaq.push(['
5F 73 65 74 41 6C 6C 6F 77 4C 69 6E 6B 65 72 27 _setAllowLinker'
2C 20 74 72 75 65 5D 29 3B 0A 20 20 5F 67 61 71 , true]);.  _gaq
2E 70 75 73 68 28 5B 27 5F 74 72 61 63 6B 50 61 .push(['_trackPa
67 65 76 69 65 77 27 5D 29 3B 0A 0A 20 20 28 66 geview']);..  (f
75 6E 63 74 69 6F 6E 28 29 20 7B 0A 20 20 20 20 unction() {.    
76 61 72 20 67 61 20 3D 20 64 6F 63 75 6D 65 6E var ga = documen
74 2E 63 72 65 61 74 65 45 6C 65 6D 65 6E 74 28 t.createElement(
27 73 63 72 69 70 74 27 29 3B 20 67 61 2E 74 79 'script'); ga.ty
70 65 20 3D 20 27 74 65 78 74 2F 6A 61 76 61 73 pe = 'text/javas
63 72 69 70 74 27 3B 20 67 61 2E 61 73 79 6E 63 cript'; ga.async
20 3D 20 74 72 75 65 3B 0A 20 20 20 20 67 61 2E  = true;.    ga.
73 72 63 20 3D 20 28 27 68 74 74 70 73 3A 27 20 src = ('https:' 
3D 3D 20 64 6F 63 75 6D 65 6E 74 2E 6C 6F 63 61 == document.loca
74 69 6F 6E 2E 70 72 6F 74 6F 63 6F 6C 20 3F 20 tion.protocol ? 
27 68 74 74 70 73 3A 2F 2F 73 73 6C 27 20 3A 20 'https://ssl' : 
27 68 74 74 70 3A 2F 2F 77 77 77 27 29 20 2B 20 'http://www') + 
27 2E 67 6F 6F 67 6C 65 2D 61 6E 61 6C 79 74 69 '.google-analyti
63 73 2E 63 6F 6D 2F 67 61 2E 6A 73 27 3B 0A 20 cs.com/ga.js';. 
20 20 20 76 61 72 20 73 20 3D 20 64 6F 63 75 6D    var s = docum
65 6E 74 2E 67 65 74 45 6C 65 6D 65 6E 74 73 42 ent.getElementsB
79 54 61 67 4E 61 6D 65 28 27 73 63 72 69 70 74 yTagName('script
27 29 5B 30 5D 3B 20 73 2E 70 61 72 65 6E 74 4E ')[0]; s.parentN
6F 64 65 2E 69 6E 73 65 72 74 42 65 66 6F 72 65 ode.insertBefore
28 67 61 2C 20 73 29 3B 0A 20 20 7D 29 28 29 3B (ga, s);.  })();
0A 0A 3C 2F 73 63 72 69 70 74 3E 0A 3C 2F 68 65 ..</script>.</he
61 64 3E 0A 09 0A 3C 62 6F 64 79 3E 0A 3C 64 69 ad>...<body>.<di
76 3E 0A 0A 3C 21 2D 2D 20 63 61 2D 70 75 62 2D v>..<!-- ca-pub-
32 38 31 39 30 33 37 31 38 38 39 37 39 37 35 39 2819037188979759
2F 55 47 55 5F 50 4C 5F 57 6F 6C 6E 65 41 64 72 /UGU_PL_WolneAdr
65 73 79 5F 43 53 57 45 5F 6E 61 67 6C 6F 77 65 esy_CSWE_naglowe
6B 5F 37 32 38 78 39 30 20 2D 2D 3E 0A 3C 73 63 k_728x90 -->.<sc
72 69 70 74 20 74 79 70 65 3D 27 74 65 78 74 2F ript type='text/
6A 61 76 61 73 63 72 69 70 74 27 3E 0A 47 41 5F javascript'>.GA_
67 6F 6F 67 6C 65 46 69 6C 6C 53 6C 6F 74 28 22 googleFillSlot("
55 47 55 5F 50 4C 5F 57 6F 6C 6E 65 41 64 72 65 UGU_PL_WolneAdre
73 79 5F 43 53 57 45 5F 6E 61 67 6C 6F 77 65 6B sy_CSWE_naglowek
5F 37 32 38 78 39 30 22 29 3B 0A 3C 2F 73 63 72 _728x90");.</scr
69 70 74 3E 0A 0A 3C 2F 64 69 76 3E 0A 0A 3C 64 ipt>..</div>..<d
69 76 20 63 6C 61 73 73 3D 22 73 72 76 5F 77 61 iv class="srv_wa
72 6E 22 3E 0A 09 3C 74 61 62 6C 65 20 63 6C 61 rn">..<table cla
73 73 3D 22 62 5F 62 6C 77 22 20 63 65 6C 6C 70 ss="b_blw" cellp
61 64 64 69 6E 67 3D 22 30 22 20 63 65 6C 6C 73 adding="0" cells
70 61 63 69 6E 67 3D 22 30 22 20 62 6F 72 64 65 pacing="0" borde
72 3D 22 30 22 3E 0A 09 09 3C 74 72 3E 0A 09 09 r="0">...<tr>...
09 3C 74 64 20 63 6C 61 73 73 3D 22 6C 67 22 3E .<td class="lg">
3C 2F 74 64 3E 0A 09 09 09 3C 74 64 20 63 6C 61 </td>....<td cla
73 73 3D 22 67 22 3E 3C 2F 74 64 3E 0A 09 09 09 ss="g"></td>....
3C 74 64 20 63 6C 61 73 73 3D 22 70 67 22 3E 3C <td class="pg"><
2F 74 64 3E 0A 09 09 3C 2F 74 72 3E 0A 09 09 3C /td>...</tr>...<
74 72 20 63 6C 61 73 73 3D 22 62 5F 62 6C 77 22 tr class="b_blw"
3E 0A 09 09 09 3C 74 64 20 63 6C 61 73 73 3D 22 >....<td class="
6C 22 3E 3C 2F 74 64 3E 0A 09 09 09 3C 74 64 20 l"></td>....<td 
63 6C 61 73 73 3D 22 74 78 74 5F 77 61 72 6E 22 class="txt_warn"
3E 53 74 72 6F 6E 61 20 6E 69 65 20 69 73 74 6E >Strona nie istn
69 65 6A 65 3C 2F 74 64 3E 0A 09 09 09 3C 74 64 ieje</td>....<td
20 63 6C 61 73 73 3D 22 70 22 3E 3C 2F 74 64 3E  class="p"></td>
0A 09 09 3C 2F 74 72 3E 0A 09 09 3C 74 72 20 63 ...</tr>...<tr c
6C 61 73 73 3D 22 62 5F 62 6C 77 22 3E 0A 09 09 lass="b_blw">...
09 3C 74 64 20 63 6C 61 73 73 3D 22 6C 22 3E 3C .<td class="l"><
2F 74 64 3E 0A 09 09 09 3C 74 64 20 63 6C 61 73 /td>....<td clas
73 3D 22 74 78 74 22 3E 3C 61 20 68 72 65 66 3D s="txt"><a href=
22 68 74 74 70 3A 2F 2F 77 77 77 2E 75 67 75 2E "http://www.ugu.
70 6C 22 3E 75 67 75 2E 70 6C 3C 2F 61 3E 3C 2F pl">ugu.pl</a></
74 64 3E 0A 09 09 09 3C 74 64 20 63 6C 61 73 73 td>....<td class
3D 22 70 22 3E 3C 2F 74 64 3E 0A 09 09 3C 2F 74 ="p"></td>...</t
72 3E 0A 09 09 3C 74 72 20 63 6C 61 73 73 3D 22 r>...<tr class="
62 5F 62 6C 77 22 3E 0A 09 09 09 3C 74 64 20 63 b_blw">....<td c
6C 61 73 73 3D 22 6C 64 22 3E 3C 2F 74 64 3E 0A lass="ld"></td>.
09 09 09 3C 74 64 20 63 6C 61 73 73 3D 22 64 22 ...<td class="d"
3E 3C 2F 74 64 3E 0A 09 09 09 3C 74 64 20 63 6C ></td>....<td cl
61 73 73 3D 22 70 64 22 3E 3C 2F 74 64 3E 0A 09 ass="pd"></td>..
09 3C 2F 74 72 3E 0A 09 3C 2F 74 61 62 6C 65 3E .</tr>..</table>
0A 3C 2F 64 69 76 3E 0A 3C 2F 62 6F 64 79 3E 0A .</div>.</body>.
3C 2F 68 74 6D 6C 3E                            </html>

Sun Nov 13 21:35:15 2016	127.0.0.1:61953 > 178.33.49.137:80
64 67 64 66 67 0A                               dgdfg.

Sun Nov 13 21:35:15 2016	127.0.0.1:61953 < 178.33.49.137:80
3C 21 44 4F 43 54 59 50 45 20 48 54 4D 4C 20 50 <!DOCTYPE HTML P
55 42 4C 49 43 20 22 2D 2F 2F 49 45 54 46 2F 2F UBLIC "-//IETF//
44 54 44 20 48 54 4D 4C 20 32 2E 30 2F 2F 45 4E DTD HTML 2.0//EN
22 3E 0A 3C 68 74 6D 6C 3E 3C 68 65 61 64 3E 0A ">.<html><head>.
3C 74 69 74 6C 65 3E 34 30 30 20 42 61 64 20 52 <title>400 Bad R
65 71 75 65 73 74 3C 2F 74 69 74 6C 65 3E 0A 3C equest</title>.<
2F 68 65 61 64 3E 3C 62 6F 64 79 3E 0A 3C 68 31 /head><body>.<h1
3E 42 61 64 20 52 65 71 75 65 73 74 3C 2F 68 31 >Bad Request</h1
3E 0A 3C 70 3E 59 6F 75 72 20 62 72 6F 77 73 65 >.<p>Your browse
72 20 73 65 6E 74 20 61 20 72 65 71 75 65 73 74 r sent a request
20 74 68 61 74 20 74 68 69 73 20 73 65 72 76 65  that this serve
72 20 63 6F 75 6C 64 20 6E 6F 74 20 75 6E 64 65 r could not unde
72 73 74 61 6E 64 2E 3C 62 72 20 2F 3E 0A 30 34 rstand.<br />.04
35 3C 2F 70 3E 0A 3C 2F 62 6F 64 79 3E 3C 2F 68 5</p>.</body></h
74 6D 6C 3E 0A                                  tml>.

Sun Nov 13 21:43:37 2016	127.0.0.1:62150 > 192.168.0.101:445
00 00 00 54 FF 53 4D 42 72 00 00 00 00 18 01 28 ...T.SMBr......(
00 00 00 00 00 00 00 00 00 00 00 00 00 00 3F 6F ..............?o
00 00 0B E4 00 31 00 02 4C 41 4E 4D 41 4E 31 2E .....1..LANMAN1.
30 00 02 4C 4D 31 2E 32 58 30 30 32 00 02 4E 54 0..LM1.2X002..NT
20 4C 41 4E 4D 41 4E 20 31 2E 30 00 02 4E 54 20  LANMAN 1.0..NT 
4C 4D 20 30 2E 31 32 00                         LM 0.12.

Sun Nov 13 21:43:37 2016	127.0.0.1:62150 < 192.168.0.101:445
00 00 00 7F FF 53 4D 42 72 00 00 00 00 98 01 28 .....SMBr......(
00 00 00 00 00 00 00 00 00 00 00 00 00 00 3F 6F ..............?o
00 00 0B E4 11 03 00 03 0A 00 01 00 04 11 00 00 ................
00 00 01 00 00 00 00 00 FC E3 01 80 7E 3D 3C 9C ............~=<.
EE 3D D2 01 C4 FF 00 3A 00 B9 8F 68 2C 8C D7 55 .=.....:...h,..U
48 9B 51 40 68 E0 25 8A 43 60 28 06 06 2B 06 01 H.Q@h.%.C`(..+..
05 05 02 A0 1E 30 1C A0 1A 30 18 06 0A 2B 06 01 .....0...0...+..
04 01 82 37 02 02 1E 06 0A 2B 06 01 04 01 82 37 ...7.....+.....7
02 02 0A                                        ...

Sun Nov 13 21:43:38 2016	127.0.0.1:62150 > 192.168.0.101:445
00 00 00 8F FF 53 4D 42 73 00 00 00 00 18 01 28 .....SMBs......(
00 00 00 00 00 00 00 00 00 00 00 00 00 00 3F 6F ..............?o
00 00 0B E4 0C FF 00 00 00 DF FF 02 00 01 00 00 ................
00 00 00 31 00 00 00 00 00 D4 00 00 80 54 00 4E ...1.........T.N
54 4C 4D 53 53 50 00 01 00 00 00 05 02 88 A2 01 TLMSSP..........
00 01 00 20 00 00 00 10 00 10 00 21 00 00 00 2E ... .......!....
71 6C 4A 77 30 73 78 36 6E 34 6F 6A 64 4E 49 43 qlJw0sx6n4ojdNIC
57 69 6E 64 6F 77 73 20 32 30 30 30 20 32 31 39 Windows 2000 219
35 00 57 69 6E 64 6F 77 73 20 32 30 30 30 20 35 5.Windows 2000 5
2E 30 00                                        .0.

Sun Nov 13 21:43:38 2016	127.0.0.1:62150 < 192.168.0.101:445
00 00 01 55 FF 53 4D 42 73 16 00 00 C0 98 01 68 ...U.SMBs......h
00 00 00 00 00 00 00 00 00 00 00 00 00 00 3F 6F ..............?o
00 08 0B E4 04 FF 00 55 01 00 00 E4 00 2A 01 4E .......U.....*.N
54 4C 4D 53 53 50 00 02 00 00 00 1C 00 1C 00 38 TLMSSP.........8
00 00 00 05 02 8A A2 AF 6C 5E D1 66 BB 84 E5 00 ........l^.f....
00 00 00 00 00 00 00 90 00 90 00 54 00 00 00 06 ...........T....
01 B1 1D 00 00 00 0F 44 00 41 00 52 00 45 00 4B .......D.A.R.E.K
00 2D 00 4B 00 4F 00 4D 00 50 00 55 00 54 00 45 .-.K.O.M.P.U.T.E
00 52 00 02 00 1C 00 44 00 41 00 52 00 45 00 4B .R.....D.A.R.E.K
00 2D 00 4B 00 4F 00 4D 00 50 00 55 00 54 00 45 .-.K.O.M.P.U.T.E
00 52 00 01 00 1C 00 44 00 41 00 52 00 45 00 4B .R.....D.A.R.E.K
00 2D 00 4B 00 4F 00 4D 00 50 00 55 00 54 00 45 .-.K.O.M.P.U.T.E
00 52 00 04 00 1C 00 44 00 61 00 72 00 65 00 6B .R.....D.a.r.e.k
00 2D 00 4B 00 6F 00 6D 00 70 00 75 00 74 00 65 .-.K.o.m.p.u.t.e
00 72 00 03 00 1C 00 44 00 61 00 72 00 65 00 6B .r.....D.a.r.e.k
00 2D 00 4B 00 6F 00 6D 00 70 00 75 00 74 00 65 .-.K.o.m.p.u.t.e
00 72 00 07 00 08 00 40 9A 51 9C EE 3D D2 01 00 .r.....@.Q..=...
00 00 00 57 69 6E 64 6F 77 73 20 37 20 48 6F 6D ...Windows 7 Hom
65 20 50 72 65 6D 69 75 6D 20 37 36 30 31 20 53 e Premium 7601 S
65 72 76 69 63 65 20 50 61 63 6B 20 31 00 57 69 ervice Pack 1.Wi
6E 64 6F 77 73 20 37 20 48 6F 6D 65 20 50 72 65 ndows 7 Home Pre
6D 69 75 6D 20 36 2E 31 00                      mium 6.1.

Sun Nov 13 21:43:38 2016	127.0.0.1:62150 > 192.168.0.101:445
00 00 01 98 FF 53 4D 42 73 00 00 00 00 18 01 28 .....SMBs......(
00 00 00 00 00 00 00 00 00 00 00 00 00 00 3F 6F ..............?o
00 08 0B E4 0C FF 00 00 00 DF FF 02 00 01 00 00 ................
00 00 00 3A 01 00 00 00 00 5C D0 00 80 5D 01 4E ...:.........].N
54 4C 4D 53 53 50 00 03 00 00 00 18 00 18 00 40 TLMSSP.........@
00 00 00 C0 00 C0 00 58 00 00 00 02 00 02 00 18 .......X........
01 00 00 00 00 00 00 1A 01 00 00 20 00 20 00 1A ........... . ..
01 00 00 00 00 00 00 3A 01 00 00 05 02 88 A2 4B .......:.......K
ED 6F 2E 98 95 9D 87 E1 B1 77 B8 C3 8D 9C D9 0F .o.......w......
E1 F0 99 E0 8D 65 D6 2E 2F A5 67 A4 EC 8E B3 CA .....e../.g.....
B5 56 AE AC D6 0A 7E 01 01 00 00 00 00 00 00 00 .V....~.........
39 3E 9C EE 3D D2 01 0F E1 F0 99 E0 8D 65 D6 00 9>..=........e..
00 00 00 02 00 1C 00 44 00 41 00 52 00 45 00 4B .......D.A.R.E.K
00 2D 00 4B 00 4F 00 4D 00 50 00 55 00 54 00 45 .-.K.O.M.P.U.T.E
00 52 00 01 00 1C 00 44 00 41 00 52 00 45 00 4B .R.....D.A.R.E.K
00 2D 00 4B 00 4F 00 4D 00 50 00 55 00 54 00 45 .-.K.O.M.P.U.T.E
00 52 00 04 00 1C 00 44 00 61 00 72 00 65 00 6B .R.....D.a.r.e.k
00 2D 00 4B 00 6F 00 6D 00 70 00 75 00 74 00 65 .-.K.o.m.p.u.t.e
00 72 00 03 00 1C 00 44 00 61 00 72 00 65 00 6B .r.....D.a.r.e.k
00 2D 00 4B 00 6F 00 6D 00 70 00 75 00 74 00 65 .-.K.o.m.p.u.t.e
00 72 00 07 00 08 00 40 9A 51 9C EE 3D D2 01 00 .r.....@.Q..=...
00 00 00 00 00 00 00 2E 00 71 00 6C 00 4A 00 77 .........q.l.J.w
00 30 00 73 00 78 00 36 00 6E 00 34 00 6F 00 6A .0.s.x.6.n.4.o.j
00 64 00 4E 00 49 00 43 00 57 69 6E 64 6F 77 73 .d.N.I.C.Windows
20 32 30 30 30 20 32 31 39 35 00 57 69 6E 64 6F  2000 2195.Windo
77 73 20 32 30 30 30 20 35 2E 30 00             ws 2000 5.0.

Sun Nov 13 21:43:38 2016	127.0.0.1:62150 < 192.168.0.101:445
00 00 00 23 FF 53 4D 42 73 6D 00 00 C0 98 01 68 ...#.SMBsm.....h
00 00 00 00 00 00 00 00 00 00 00 00 00 00 3F 6F ..............?o
00 08 0B E4 00 00 00                            .......

Sun Nov 13 21:43:38 2016	127.0.0.1:62150 > 192.168.0.101:445
00 00 00 63 FF 53 4D 42 73 00 00 00 00 18 01 20 ...c.SMBs...... 
00 00 00 00 00 00 00 00 00 00 00 00 00 00 3F 6F ..............?o
00 00 0B E4 0D FF 00 00 00 DF FF 02 00 01 00 00 ................
00 00 00 00 00 00 00 00 00 00 00 40 00 00 00 26 ...........@...&
00 00 2E 00 57 69 6E 64 6F 77 73 20 32 30 30 30 ....Windows 2000
20 32 31 39 35 00 57 69 6E 64 6F 77 73 20 32 30  2195.Windows 20
30 30 20 35 2E 30 00                            00 5.0.

Sun Nov 13 21:43:38 2016	127.0.0.1:62150 < 192.168.0.101:445
00 00 00 79 FF 53 4D 42 73 00 00 00 00 98 01 20 ...y.SMBs...... 
00 00 00 00 00 00 00 00 00 00 00 00 00 00 3F 6F ..............?o
01 08 0B E4 03 FF 00 79 00 00 00 50 00 57 69 6E .......y...P.Win
64 6F 77 73 20 37 20 48 6F 6D 65 20 50 72 65 6D dows 7 Home Prem
69 75 6D 20 37 36 30 31 20 53 65 72 76 69 63 65 ium 7601 Service
20 50 61 63 6B 20 31 00 57 69 6E 64 6F 77 73 20  Pack 1.Windows 
37 20 48 6F 6D 65 20 50 72 65 6D 69 75 6D 20 36 7 Home Premium 6
2E 31 00 57 4F 52 4B 47 52 4F 55 50 00          .1.WORKGROUP.

Sun Nov 13 21:43:38 2016	127.0.0.1:62150 > 192.168.0.101:445
00 00 00 47 FF 53 4D 42 75 00 00 00 00 18 01 28 ...G.SMBu......(
00 00 00 00 00 00 00 00 00 00 00 00 00 00 3F 6F ..............?o
01 08 0B E4 04 FF 00 00 00 00 00 01 00 1C 00 00 ................
5C 5C 31 39 32 2E 31 36 38 2E 30 2E 31 30 31 5C ..192.168.0.101.
49 50 43 24 00 3F 3F 3F 3F 3F 00                IPC$.?????.

Sun Nov 13 21:43:38 2016	127.0.0.1:62150 < 192.168.0.101:445
00 00 00 2E FF 53 4D 42 75 00 00 00 00 98 01 28 .....SMBu......(
00 00 00 00 00 00 00 00 00 00 00 00 00 08 3F 6F ..............?o
01 08 0B E4 03 FF 00 2E 00 01 00 05 00 49 50 43 .............IPC
00 00                                           ..

Sun Nov 13 21:43:38 2016	127.0.0.1:62150 > 192.168.0.101:445
00 00 00 5F FF 53 4D 42 25 00 00 00 00 18 01 28 ..._.SMB%......(
00 00 00 00 00 00 00 00 00 00 00 00 00 08 3F 6F ..............?o
01 08 0B E4 0E 13 00 00 00 00 04 E8 FD 00 00 00 ................
00 00 00 00 00 00 00 13 00 4C 00 00 00 5F 00 00 .........L..._..
00 20 00 5C 50 49 50 45 5C 4C 41 4E 4D 41 4E 00 . ..PIPE.LANMAN.
00 00 57 72 4C 65 68 00 42 31 33 42 57 7A 00 01 ..WrLeh.B13BWz..
00 7E FF                                        .~.

Sun Nov 13 21:43:38 2016	127.0.0.1:62150 < 192.168.0.101:445
00 00 00 23 FF 53 4D 42 25 22 00 00 C0 98 01 68 ...#.SMB%".....h
00 00 00 00 00 00 00 00 00 00 00 00 00 08 3F 6F ..............?o
01 08 0B E4 00 00 00                            .......

Sun Nov 13 21:43:39 2016	127.0.0.1:62150 > 192.168.0.101:445
00 00 00 5C FF 53 4D 42 A2 00 00 00 00 18 01 28 .....SMB.......(
00 00 00 00 00 00 00 00 00 00 00 00 00 08 3F 6F ..............?o
01 08 0B E4 18 FF 00 00 00 00 08 00 16 00 00 00 ................
00 00 00 00 00 00 00 02 00 00 00 00 00 00 00 00 ................
00 00 00 00 07 00 00 00 01 00 00 00 00 00 00 00 ................
02 00 00 00 00 09 00 5C 53 50 4F 4F 4C 53 53 00 ........SPOOLSS.

Sun Nov 13 21:43:39 2016	127.0.0.1:62150 < 192.168.0.101:445
00 00 00 23 FF 53 4D 42 A2 22 00 00 C0 98 01 68 ...#.SMB.".....h
00 00 00 00 00 00 00 00 00 00 00 00 00 08 3F 6F ..............?o
01 08 0B E4 00 00 00                            .......

Sun Nov 13 21:46:47 2016	127.0.0.1:62179 > 192.168.0.1:80
50 4F 53 54 20 2F 63 6F 6D 6D 61 6E 64 2E 70 68 POST /command.ph
70 20 48 54 54 50 2F 31 2E 31 0D 0A 48 6F 73 74 p HTTP/1.1..Host
3A 20 31 39 32 2E 31 36 38 2E 30 2E 31 0D 0A 55 : 192.168.0.1..U
73 65 72 2D 41 67 65 6E 74 3A 20 4D 6F 7A 69 6C ser-Agent: Mozil
6C 61 2F 34 2E 30 20 28 63 6F 6D 70 61 74 69 62 la/4.0 (compatib
6C 65 3B 20 4D 53 49 45 20 36 2E 30 3B 20 57 69 le; MSIE 6.0; Wi
6E 64 6F 77 73 20 4E 54 20 35 2E 31 29 0D 0A 43 ndows NT 5.1)..C
6F 6E 74 65 6E 74 2D 54 79 70 65 3A 20 61 70 70 ontent-Type: app
6C 69 63 61 74 69 6F 6E 2F 78 2D 77 77 77 2D 66 lication/x-www-f
6F 72 6D 2D 75 72 6C 65 6E 63 6F 64 65 64 0D 0A orm-urlencoded..
43 6F 6E 74 65 6E 74 2D 4C 65 6E 67 74 68 3A 20 Content-Length: 
32 38 0D 0A 0D 0A 63 6D 64 3D 63 61 74 20 76 61 28....cmd=cat va
72 2F 70 61 73 73 77 64 3B 20 65 63 68 6F 20 65 r/passwd; echo e
6E 64                                           nd

Sun Nov 13 21:46:47 2016	127.0.0.1:62179 < 192.168.0.1:80
48 54 54 50 2F 31 2E 31 20 34 30 34 20 4E 6F 74 HTTP/1.1 404 Not
20 46 6F 75 6E 64 0D 0A 53 65 72 76 65 72 3A 20  Found..Server: 
4D 61 74 68 6F 70 64 2F 31 2E 35 70 36 0D 0A 44 Mathopd/1.5p6..D
61 74 65 3A 20 53 75 6E 2C 20 31 33 20 4E 6F 76 ate: Sun, 13 Nov
20 32 30 31 36 20 32 30 3A 34 36 3A 34 34 20 47  2016 20:46:44 G
4D 54 0D 0A 54 72 61 6E 73 66 65 72 2D 45 6E 63 MT..Transfer-Enc
6F 64 69 6E 67 3A 20 63 68 75 6E 6B 65 64 0D 0A oding: chunked..
0D 0A 33 37 0D 0A 0D 0A 3C 74 69 74 6C 65 3E 34 ..37....<title>4
30 34 20 4E 6F 74 20 46 6F 75 6E 64 3C 2F 74 69 04 Not Found</ti
74 6C 65 3E 0A 3C 68 31 3E 34 30 34 20 4E 6F 74 tle>.<h1>404 Not
20 46 6F 75 6E 64 3C 2F 68 31 3E 0D 0A 0D 0A 30  Found</h1>....0
0D 0A 0D 0A                                     ....

