Thu Nov 17 22:17:59 2016	192.168.0.107:35325 > 192.168.0.107:2000
77 68 6F 61 6D 69 0A                            whoami.

Thu Nov 17 22:18:22 2016	192.168.0.107:35326 > 192.168.0.107:2000
77 68 6F 61 6D 69 0A                            whoami.

Thu Nov 17 22:25:06 2016	127.0.0.1:26154 > 192.168.0.107:2000
77 68 6F 61 6D 69 0A                            whoami.

Thu Nov 17 22:25:10 2016	127.0.0.1:26154 > 192.168.0.107:2000
04 01 07 D0 C0 A8 00 6B 00                      .......k.

Thu Nov 17 22:25:32 2016	127.0.0.1:26154 > 192.168.0.107:2000
04 01 07 D0 C0 A8 00 6B 00                      .......k.

Thu Nov 17 22:28:37 2016	127.0.0.1:26203 > 192.168.0.107:2000
77 68 6F 61 6D 69 0A                            whoami.

Thu Nov 17 22:28:42 2016	127.0.0.1:26207 > 192.168.0.107:2000
77 68 6F 61 6D 69 0A                            whoami.

Fri Nov 18 16:18:10 2016	127.0.0.1:27329 > 192.168.0.107:7000
47 45 54 20 2F 20 48 54 54 50 2F 31 2E 31 0D 0A GET / HTTP/1.1..
55 73 65 72 2D 41 67 65 6E 74 3A 20 57 67 65 74 User-Agent: Wget
2F 31 2E 31 36 20 28 6C 69 6E 75 78 2D 67 6E 75 /1.16 (linux-gnu
29 0D 0A 41 63 63 65 70 74 3A 20 2A 2F 2A 0D 0A )..Accept: */*..
48 6F 73 74 3A 20 31 39 32 2E 31 36 38 2E 30 2E Host: 192.168.0.
31 30 37 3A 37 30 30 30 0D 0A 43 6F 6E 6E 65 63 107:7000..Connec
74 69 6F 6E 3A 20 4B 65 65 70 2D 41 6C 69 76 65 tion: Keep-Alive
0D 0A 0D 0A                                     ....

Fri Nov 18 16:18:14 2016	127.0.0.1:27329 < 192.168.0.107:7000
68 69 0A                                        hi.

Fri Nov 18 16:18:15 2016	127.0.0.1:27329 < 192.168.0.107:7000
0A                                              .

Fri Nov 18 16:18:15 2016	127.0.0.1:27329 < 192.168.0.107:7000
0A                                              .

Fri Nov 18 16:18:16 2016	127.0.0.1:27329 < 192.168.0.107:7000
0A                                              .

Fri Nov 18 16:18:16 2016	127.0.0.1:27329 < 192.168.0.107:7000
0A                                              .

Fri Nov 18 16:19:02 2016	127.0.0.1:27343 > 4.2.2.2:53
00 26 D6 74 01 20 00 01 00 00 00 00 00 01 06 67 .&.t. .........g
6F 6F 67 6C 65 02 70 6C 00 00 01 00 01 00 00 29 oogle.pl.......)
10 00 00 00 00 00 00 00                         ........

Fri Nov 18 16:19:02 2016	127.0.0.1:27343 < 4.2.2.2:53
00 2B D6 74 81 80 00 01 00 01 00 00 00 00 06 67 .+.t...........g
6F 6F 67 6C 65 02 70 6C 00 00 01 00 01 C0 0C 00 oogle.pl........
01 00 01 00 00 00 33 00 04 AC D9 10 C3          ......3......

Fri Nov 18 16:19:02 2016	127.0.0.1:27343 > 4.2.2.2:53
04 01 00 50 AC D9 10 C3 00                      ...P.....

Fri Nov 18 16:19:21 2016	127.0.0.1:27348 > 4.2.2.2:53
00 26 3E BC 01 20 00 01 00 00 00 00 00 01 06 67 .&>.. .........g
6F 6F 67 6C 65 02 70 6C 00 00 01 00 01 00 00 29 oogle.pl.......)
10 00 00 00 00 00 00 00                         ........

Fri Nov 18 16:19:21 2016	127.0.0.1:27348 < 4.2.2.2:53
00 2B 3E BC 81 80 00 01 00 01 00 00 00 00 06 67 .+>............g
6F 6F 67 6C 65 02 70 6C 00 00 01 00 01 C0 0C 00 oogle.pl........
01 00 01 00 00 00 20 00 04 AC D9 10 C3          ...... ......

Fri Nov 18 16:19:21 2016	127.0.0.1:27348 > 4.2.2.2:53
04 01 00 50 AC D9 10 C3 00                      ...P.....

Fri Nov 18 16:19:35 2016	127.0.0.1:27352 > 4.2.2.2:53
00 27 6C F3 01 20 00 01 00 00 00 00 00 01 06 67 .'l.. .........g
6F 6F 67 6C 65 03 63 6F 6D 00 00 01 00 01 00 00 oogle.com.......
29 10 00 00 00 00 00 00 00                      )........

Fri Nov 18 16:19:35 2016	127.0.0.1:27352 < 4.2.2.2:53
00 2C 6C F3 81 80 00 01 00 01 00 00 00 00 06 67 .,l............g
6F 6F 67 6C 65 03 63 6F 6D 00 00 01 00 01 C0 0C oogle.com.......
00 01 00 01 00 00 00 8F 00 04 D8 3A D6 4E       ...........:.N

Fri Nov 18 16:19:35 2016	127.0.0.1:27352 > 4.2.2.2:53
04 01 00 50 D8 3A D6 4E 00                      ...P.:.N.

Fri Nov 18 16:19:42 2016	127.0.0.1:27356 > 4.2.2.2:53
00 28 65 06 01 20 00 01 00 00 00 00 00 01 07 65 .(e.. .........e
78 61 6D 70 6C 65 03 63 6F 6D 00 00 01 00 01 00 xample.com......
00 29 10 00 00 00 00 00 00 00                   .)........

Fri Nov 18 16:19:42 2016	127.0.0.1:27356 < 4.2.2.2:53
00 2D 65 06 81 80 00 01 00 01 00 00 00 00 07 65 .-e............e
78 61 6D 70 6C 65 03 63 6F 6D 00 00 01 00 01 C0 xample.com......
0C 00 01 00 01 00 00 4F 05 00 04 5D B8 D8 22    .......O...].."

Fri Nov 18 16:19:42 2016	127.0.0.1:27356 > 4.2.2.2:53
04 01 00 50 5D B8 D8 22 00                      ...P]..".

Fri Nov 18 16:20:35 2016	127.0.0.1:27431 > 4.2.2.2:53
00 28 7F BE 01 20 00 01 00 00 00 00 00 01 07 65 .(... .........e
78 61 6D 70 6C 65 03 63 6F 6D 00 00 01 00 01 00 xample.com......
00 29 10 00 00 00 00 00 00 00                   .)........

Fri Nov 18 16:20:35 2016	127.0.0.1:27431 < 4.2.2.2:53
00 2D 7F BE 81 80 00 01 00 01 00 00 00 00 07 65 .-.............e
78 61 6D 70 6C 65 03 63 6F 6D 00 00 01 00 01 C0 xample.com......
0C 00 01 00 01 00 00 4E D0 00 04 5D B8 D8 22    .......N...].."

Fri Nov 18 16:20:35 2016	127.0.0.1:27431 > 4.2.2.2:53
04 01 00 50 5D B8 D8 22 00                      ...P]..".

Fri Nov 18 16:23:53 2016	127.0.0.1:27461 > 4.2.2.2:53
00 26 CB 28 01 20 00 01 00 00 00 00 00 01 06 67 .&.(. .........g
6F 6F 67 6C 65 02 70 6C 00 00 01 00 01 00 00 29 oogle.pl.......)
10 00 00 00 00 00 00 00                         ........

Fri Nov 18 16:23:53 2016	127.0.0.1:27461 < 4.2.2.2:53
00 2B CB 28 81 80 00 01 00 01 00 00 00 00 06 67 .+.(...........g
6F 6F 67 6C 65 02 70 6C 00 00 01 00 01 C0 0C 00 oogle.pl........
01 00 01 00 00 00 38 00 04 D8 3A D6 E3          ......8...:..

Fri Nov 18 16:23:58 2016	127.0.0.1:27465 > 216.58.214.227:80
47 45 54 20 2F 20 48 54 54 50 2F 31 2E 31 0D 0A GET / HTTP/1.1..
55 73 65 72 2D 41 67 65 6E 74 3A 20 57 67 65 74 User-Agent: Wget
2F 31 2E 31 36 20 28 6C 69 6E 75 78 2D 67 6E 75 /1.16 (linux-gnu
29 0D 0A 41 63 63 65 70 74 3A 20 2A 2F 2A 0D 0A )..Accept: */*..
48 6F 73 74 3A 20 67 6F 6F 67 6C 65 2E 70 6C 0D Host: google.pl.
0A 43 6F 6E 6E 65 63 74 69 6F 6E 3A 20 4B 65 65 .Connection: Kee
70 2D 41 6C 69 76 65 0D 0A 0D 0A                p-Alive....

Fri Nov 18 16:23:58 2016	127.0.0.1:27465 < 216.58.214.227:80
48 54 54 50 2F 31 2E 31 20 33 30 31 20 4D 6F 76 HTTP/1.1 301 Mov
65 64 20 50 65 72 6D 61 6E 65 6E 74 6C 79 0D 0A ed Permanently..
4C 6F 63 61 74 69 6F 6E 3A 20 68 74 74 70 3A 2F Location: http:/
2F 77 77 77 2E 67 6F 6F 67 6C 65 2E 70 6C 2F 0D /www.google.pl/.
0A 43 6F 6E 74 65 6E 74 2D 54 79 70 65 3A 20 74 .Content-Type: t
65 78 74 2F 68 74 6D 6C 3B 20 63 68 61 72 73 65 ext/html; charse
74 3D 55 54 46 2D 38 0D 0A 44 61 74 65 3A 20 46 t=UTF-8..Date: F
72 69 2C 20 31 38 20 4E 6F 76 20 32 30 31 36 20 ri, 18 Nov 2016 
31 35 3A 32 33 3A 35 34 20 47 4D 54 0D 0A 45 78 15:23:54 GMT..Ex
70 69 72 65 73 3A 20 53 75 6E 2C 20 31 38 20 44 pires: Sun, 18 D
65 63 20 32 30 31 36 20 31 35 3A 32 33 3A 35 34 ec 2016 15:23:54
20 47 4D 54 0D 0A 43 61 63 68 65 2D 43 6F 6E 74  GMT..Cache-Cont
72 6F 6C 3A 20 70 75 62 6C 69 63 2C 20 6D 61 78 rol: public, max
2D 61 67 65 3D 32 35 39 32 30 30 30 0D 0A 53 65 -age=2592000..Se
72 76 65 72 3A 20 67 77 73 0D 0A 43 6F 6E 74 65 rver: gws..Conte
6E 74 2D 4C 65 6E 67 74 68 3A 20 32 31 38 0D 0A nt-Length: 218..
58 2D 58 53 53 2D 50 72 6F 74 65 63 74 69 6F 6E X-XSS-Protection
3A 20 31 3B 20 6D 6F 64 65 3D 62 6C 6F 63 6B 0D : 1; mode=block.
0A 58 2D 46 72 61 6D 65 2D 4F 70 74 69 6F 6E 73 .X-Frame-Options
3A 20 53 41 4D 45 4F 52 49 47 49 4E 0D 0A 0D 0A : SAMEORIGIN....
3C 48 54 4D 4C 3E 3C 48 45 41 44 3E 3C 6D 65 74 <HTML><HEAD><met
61 20 68 74 74 70 2D 65 71 75 69 76 3D 22 63 6F a http-equiv="co
6E 74 65 6E 74 2D 74 79 70 65 22 20 63 6F 6E 74 ntent-type" cont
65 6E 74 3D 22 74 65 78 74 2F 68 74 6D 6C 3B 63 ent="text/html;c
68 61 72 73 65 74 3D 75 74 66 2D 38 22 3E 0A 3C harset=utf-8">.<
54 49 54 4C 45 3E 33 30 31 20 4D 6F 76 65 64 3C TITLE>301 Moved<
2F 54 49 54 4C 45 3E 3C 2F 48 45 41 44 3E 3C 42 /TITLE></HEAD><B
4F 44 59 3E 0A 3C 48 31 3E 33 30 31 20 4D 6F 76 ODY>.<H1>301 Mov
65 64 3C 2F 48 31 3E 0A 54 68 65 20 64 6F 63 75 ed</H1>.The docu
6D 65 6E 74 20 68 61 73 20 6D 6F 76 65 64 0A 3C ment has moved.<
41 20 48 52 45 46 3D 22 68 74 74 70 3A 2F 2F 77 A HREF="http://w
77 77 2E 67 6F 6F 67 6C 65 2E 70 6C 2F 22 3E 68 ww.google.pl/">h
65 72 65 3C 2F 41 3E 2E 0D 0A 3C 2F 42 4F 44 59 ere</A>...</BODY
3E 3C 2F 48 54 4D 4C 3E 0D 0A                   ></HTML>..

Fri Nov 18 16:27:20 2016	127.0.0.1:27507 > 216.58.214.227:80
77 68 6F 61 6D 69 0A                            whoami.

Fri Nov 18 16:27:20 2016	127.0.0.1:27507 < 216.58.214.227:80
48 54 54 50 2F 31 2E 30 20 34 30 30 20 42 61 64 HTTP/1.0 400 Bad
20 52 65 71 75 65 73 74 0D 0A 43 6F 6E 74 65 6E  Request..Conten
74 2D 54 79 70 65 3A 20 74 65 78 74 2F 68 74 6D t-Type: text/htm
6C 3B 20 63 68 61 72 73 65 74 3D 55 54 46 2D 38 l; charset=UTF-8
0D 0A 43 6F 6E 74 65 6E 74 2D 4C 65 6E 67 74 68 ..Content-Length
3A 20 31 35 35 35 0D 0A 44 61 74 65 3A 20 46 72 : 1555..Date: Fr
69 2C 20 31 38 20 4E 6F 76 20 32 30 31 36 20 31 i, 18 Nov 2016 1
35 3A 32 37 3A 31 36 20 47 4D 54 0D 0A 0D 0A 3C 5:27:16 GMT....<
21 44 4F 43 54 59 50 45 20 68 74 6D 6C 3E 0A 3C !DOCTYPE html>.<
68 74 6D 6C 20 6C 61 6E 67 3D 65 6E 3E 0A 20 20 html lang=en>.  
3C 6D 65 74 61 20 63 68 61 72 73 65 74 3D 75 74 <meta charset=ut
66 2D 38 3E 0A 20 20 3C 6D 65 74 61 20 6E 61 6D f-8>.  <meta nam
65 3D 76 69 65 77 70 6F 72 74 20 63 6F 6E 74 65 e=viewport conte
6E 74 3D 22 69 6E 69 74 69 61 6C 2D 73 63 61 6C nt="initial-scal
65 3D 31 2C 20 6D 69 6E 69 6D 75 6D 2D 73 63 61 e=1, minimum-sca
6C 65 3D 31 2C 20 77 69 64 74 68 3D 64 65 76 69 le=1, width=devi
63 65 2D 77 69 64 74 68 22 3E 0A 20 20 3C 74 69 ce-width">.  <ti
74 6C 65 3E 45 72 72 6F 72 20 34 30 30 20 28 42 tle>Error 400 (B
61 64 20 52 65 71 75 65 73 74 29 21 21 31 3C 2F ad Request)!!1</
74 69 74 6C 65 3E 0A 20 20 3C 73 74 79 6C 65 3E title>.  <style>
0A 20 20 20 20 2A 7B 6D 61 72 67 69 6E 3A 30 3B .    *{margin:0;
70 61 64 64 69 6E 67 3A 30 7D 68 74 6D 6C 2C 63 padding:0}html,c
6F 64 65 7B 66 6F 6E 74 3A 31 35 70 78 2F 32 32 ode{font:15px/22
70 78 20 61 72 69 61 6C 2C 73 61 6E 73 2D 73 65 px arial,sans-se
72 69 66 7D 68 74 6D 6C 7B 62 61 63 6B 67 72 6F rif}html{backgro
75 6E 64 3A 23 66 66 66 3B 63 6F 6C 6F 72 3A 23 und:#fff;color:#
32 32 32 3B 70 61 64 64 69 6E 67 3A 31 35 70 78 222;padding:15px
7D 62 6F 64 79 7B 6D 61 72 67 69 6E 3A 37 25 20 }body{margin:7% 
61 75 74 6F 20 30 3B 6D 61 78 2D 77 69 64 74 68 auto 0;max-width
3A 33 39 30 70 78 3B 6D 69 6E 2D 68 65 69 67 68 :390px;min-heigh
74 3A 31 38 30 70 78 3B 70 61 64 64 69 6E 67 3A t:180px;padding:
33 30 70 78 20 30 20 31 35 70 78 7D 2A 20 3E 20 30px 0 15px}* > 
62 6F 64 79 7B 62 61 63 6B 67 72 6F 75 6E 64 3A body{background:
75 72 6C 28 2F 2F 77 77 77 2E 67 6F 6F 67 6C 65 url(//www.google
2E 63 6F 6D 2F 69 6D 61 67 65 73 2F 65 72 72 6F .com/images/erro
72 73 2F 72 6F 62 6F 74 2E 70 6E 67 29 20 31 30 rs/robot.png) 10
30 25 20 35 70 78 20 6E 6F 2D 72 65 70 65 61 74 0% 5px no-repeat
3B 70 61 64 64 69 6E 67 2D 72 69 67 68 74 3A 32 ;padding-right:2
30 35 70 78 7D 70 7B 6D 61 72 67 69 6E 3A 31 31 05px}p{margin:11
70 78 20 30 20 32 32 70 78 3B 6F 76 65 72 66 6C px 0 22px;overfl
6F 77 3A 68 69 64 64 65 6E 7D 69 6E 73 7B 63 6F ow:hidden}ins{co
6C 6F 72 3A 23 37 37 37 3B 74 65 78 74 2D 64 65 lor:#777;text-de
63 6F 72 61 74 69 6F 6E 3A 6E 6F 6E 65 7D 61 20 coration:none}a 
69 6D 67 7B 62 6F 72 64 65 72 3A 30 7D 40 6D 65 img{border:0}@me
64 69 61 20 73 63 72 65 65 6E 20 61 6E 64 20 28 dia screen and (
6D 61 78 2D 77 69 64 74 68 3A 37 37 32 70 78 29 max-width:772px)
7B 62 6F 64 79 7B 62 61 63 6B 67 72 6F 75 6E 64 {body{background
3A 6E 6F 6E 65 3B 6D 61 72 67 69 6E 2D 74 6F 70 :none;margin-top
3A 30 3B 6D 61 78 2D 77 69 64 74 68 3A 6E 6F 6E :0;max-width:non
65 3B 70 61 64 64 69 6E 67 2D 72 69 67 68 74 3A e;padding-right:
30 7D 7D 23 6C 6F 67 6F 7B 62 61 63 6B 67 72 6F 0}}#logo{backgro
75 6E 64 3A 75 72 6C 28 2F 2F 77 77 77 2E 67 6F und:url(//www.go
6F 67 6C 65 2E 63 6F 6D 2F 69 6D 61 67 65 73 2F ogle.com/images/
62 72 61 6E 64 69 6E 67 2F 67 6F 6F 67 6C 65 6C branding/googlel
6F 67 6F 2F 31 78 2F 67 6F 6F 67 6C 65 6C 6F 67 ogo/1x/googlelog
6F 5F 63 6F 6C 6F 72 5F 31 35 30 78 35 34 64 70 o_color_150x54dp
2E 70 6E 67 29 20 6E 6F 2D 72 65 70 65 61 74 3B .png) no-repeat;
6D 61 72 67 69 6E 2D 6C 65 66 74 3A 2D 35 70 78 margin-left:-5px
7D 40 6D 65 64 69 61 20 6F 6E 6C 79 20 73 63 72 }@media only scr
65 65 6E 20 61 6E 64 20 28 6D 69 6E 2D 72 65 73 een and (min-res
6F 6C 75 74 69 6F 6E 3A 31 39 32 64 70 69 29 7B olution:192dpi){
23 6C 6F 67 6F 7B 62 61 63 6B 67 72 6F 75 6E 64 #logo{background
3A 75 72 6C 28 2F 2F 77 77 77 2E 67 6F 6F 67 6C :url(//www.googl
65 2E 63 6F 6D 2F 69 6D 61 67 65 73 2F 62 72 61 e.com/images/bra
6E 64 69 6E 67 2F 67 6F 6F 67 6C 65 6C 6F 67 6F nding/googlelogo
2F 32 78 2F 67 6F 6F 67 6C 65 6C 6F 67 6F 5F 63 /2x/googlelogo_c
6F 6C 6F 72 5F 31 35 30 78 35 34 64 70 2E 70 6E olor_150x54dp.pn
67 29 20 6E 6F 2D 72 65 70 65 61 74 20 30 25 20 g) no-repeat 0% 
30 25 2F 31 30 30 25 20 31 30 30 25 3B 2D 6D 6F 0%/100% 100%;-mo
7A 2D 62 6F 72 64 65 72 2D 69 6D 61 67 65 3A 75 z-border-image:u
72 6C 28 2F 2F 77 77 77 2E 67 6F 6F 67 6C 65 2E rl(//www.google.
63 6F 6D 2F 69 6D 61 67 65 73 2F 62 72 61 6E 64 com/images/brand
69 6E 67 2F 67 6F 6F 67 6C 65 6C 6F 67 6F 2F 32 ing/googlelogo/2
78 2F 67 6F 6F 67 6C 65 6C 6F 67 6F 5F 63 6F 6C x/googlelogo_col
6F 72 5F 31 35 30 78 35 34 64 70 2E 70 6E 67 29 or_150x54dp.png)
20 30 7D 7D 40 6D 65 64 69 61 20 6F 6E 6C 79 20  0}}@media only 
73 63 72 65 65 6E 20 61 6E 64 20 28 2D 77 65 62 screen and (-web
6B 69 74 2D 6D 69 6E 2D 64 65 76 69 63 65 2D 70 kit-min-device-p
69 78 65 6C 2D 72 61 74 69 6F 3A 32 29 7B 23 6C ixel-ratio:2){#l
6F 67 6F 7B 62 61 63 6B 67 72 6F 75 6E 64 3A 75 ogo{background:u
72 6C 28 2F 2F 77 77 77 2E 67 6F 6F 67 6C 65 2E rl(//www.google.
63 6F 6D 2F 69 6D 61 67 65 73 2F 62 72 61 6E 64 com/images/brand
69 6E 67 2F 67 6F 6F 67 6C 65 6C 6F 67 6F 2F 32 ing/googlelogo/2
78 2F 67 6F 6F 67 6C 65 6C 6F 67 6F 5F 63 6F 6C x/googlelogo_col
6F 72 5F 31 35 30 78 35 34 64 70 2E 70 6E 67 29 or_150x54dp.png)
20 6E 6F 2D 72 65 70 65 61 74 3B 2D 77 65 62 6B  no-repeat;-webk
69 74 2D 62 61 63 6B 67 72 6F 75 6E 64 2D 73 69 it-background-si
7A 65 3A 31 30 30 25 20 31 30 30 25 7D 7D 23 6C ze:100% 100%}}#l
6F 67 6F 7B 64 69 73 70 6C 61 79 3A 69 6E 6C 69 ogo{display:inli
6E 65 2D 62 6C 6F 63 6B 3B 68 65 69 67 68 74 3A ne-block;height:
35 34 70 78 3B 77 69 64 74 68 3A 31 35 30 70 78 54px;width:150px
7D 0A 20 20 3C 2F 73 74 79 6C 65 3E 0A 20 20 3C }.  </style>.  <
61 20 68 72 65 66 3D 2F 2F 77 77 77 2E 67 6F 6F a href=//www.goo
67 6C 65 2E 63 6F 6D 2F 3E 3C 73 70 61 6E 20 69 gle.com/><span i
64 3D 6C 6F 67 6F 20 61 72 69 61 2D 6C 61 62 65 d=logo aria-labe
6C 3D 47 6F 6F 67 6C 65 3E 3C 2F 73 70 61 6E 3E l=Google></span>
3C 2F 61 3E 0A 20 20 3C 70 3E 3C 62 3E 34 30 30 </a>.  <p><b>400
2E 3C 2F 62 3E 20 3C 69 6E 73 3E 54 68 61 74 E2 .</b> <ins>That.
80 99 73 20 61 6E 20 65 72 72 6F 72 2E 3C 2F 69 ..s an error.</i
6E 73 3E 0A 20 20 3C 70 3E 59 6F 75 72 20 63 6C ns>.  <p>Your cl
69 65 6E 74 20 68 61 73 20 69 73 73 75 65 64 20 ient has issued 
61 20 6D 61 6C 66 6F 72 6D 65 64 20 6F 72 20 69 a malformed or i
6C 6C 65 67 61 6C 20 72 65 71 75 65 73 74 2E 20 llegal request. 
20 3C 69 6E 73 3E 54 68 61 74 E2 80 99 73 20 61  <ins>That...s a
6C 6C 20 77 65 20 6B 6E 6F 77 2E 3C 2F 69 6E 73 ll we know.</ins
3E 0A                                           >.

Fri Nov 18 16:28:37 2016	127.0.0.1:27528 > 216.58.214.227:443
16 03 00 00 F9 01 00 00 F5 03 03 58 2F 1E 23 FD ...........X/.#.
BA F4 7A E0 8D 33 B9 22 AC B5 95 40 95 60 28 A1 ..z..3."...@.`(.
11 D6 2E 80 9C D6 09 15 6F 5F 51 00 00 84 C0 2B ........o_Q....+
C0 2C C0 86 C0 87 C0 09 C0 23 C0 0A C0 24 C0 72 .,.......#...$.r
C0 73 C0 08 C0 07 C0 2F C0 30 C0 8A C0 8B C0 13 .s...../.0......
C0 27 C0 14 C0 28 C0 76 C0 77 C0 12 C0 11 00 9C .'...(.v.w......
00 9D C0 7A C0 7B 00 2F 00 3C 00 35 00 3D 00 41 ...z.{./.<.5.=.A
00 BA 00 84 00 C0 00 0A 00 05 00 04 00 9E 00 9F ................
C0 7C C0 7D 00 33 00 67 00 39 00 6B 00 45 00 BE .|.}.3.g.9.k.E..
00 88 00 C4 00 16 00 A2 00 A3 C0 80 C0 81 00 32 ...............2
00 40 00 38 00 6A 00 44 00 BD 00 87 00 C3 00 13 .@.8.j.D........
00 66 01 00 00 48 00 05 00 05 01 00 00 00 00 FF .f...H..........
01 00 01 00 00 23 00 00 00 0A 00 0C 00 0A 00 13 .....#..........
00 15 00 17 00 18 00 19 00 0B 00 02 01 00 00 0D ................
00 1C 00 1A 04 01 04 02 04 03 05 01 05 03 06 01 ................
06 03 03 01 03 02 03 03 02 01 02 02 02 03       ..............

Fri Nov 18 16:28:37 2016	127.0.0.1:27528 < 216.58.214.227:443
16 03 03 00 3B 02 00 00 37 03 03 58 2F 1E 21 99 ....;...7..X/.!.
72 B0 A4 43 24 5C 3D D2 76 98 06 9E BE 73 00 70 r..C$.=.v....s.p
BF E0 CE 58 0E 7B 6E DC 91 63 CF 00 C0 2F 00 00 ...X.{n..c.../..
0F FF 01 00 01 00 00 23 00 00 00 0B 00 02 01 00 .......#........
16 03 03 27 DD 0B 00 27 D9 00 27 D6 00 20 58 30 ...'...'..'.. X0
82 20 54 30 82 1F 3C A0 03 02 01 02 02 08 2A 31 . T0..<.......*1
85 78 F8 EC 3F 8A 30 0D 06 09 2A 86 48 86 F7 0D .x..?.0...*.H...
01 01 0B 05 00 30 49 31 0B 30 09 06 03 55 04 06 .....0I1.0...U..
13 02 55 53 31 13 30 11 06 03 55 04 0A 13 0A 47 ..US1.0...U....G
6F 6F 67 6C 65 20 49 6E 63 31 25 30 23 06 03 55 oogle Inc1%0#..U
04 03 13 1C 47 6F 6F 67 6C 65 20 49 6E 74 65 72 ....Google Inter
6E 65 74 20 41 75 74 68 6F 72 69 74 79 20 47 32 net Authority G2
30 1E 17 0D 31 36 31 31 31 30 31 35 34 37 33 36 0...161110154736
5A 17 0D 31 37 30 32 30 32 31 35 33 31 30 30 5A Z..170202153100Z
30 64 31 0B 30 09 06 03 55 04 06 13 02 55 53 31 0d1.0...U....US1
13 30 11 06 03 55 04 08 0C 0A 43 61 6C 69 66 6F .0...U....Califo
72 6E 69 61 31 16 30 14 06 03 55 04 07 0C 0D 4D rnia1.0...U....M
6F 75 6E 74 61 69 6E 20 56 69 65 77 31 13 30 11 ountain View1.0.
06 03 55 04 0A 0C 0A 47 6F 6F 67 6C 65 20 49 6E ..U....Google In
63 31 13 30 11 06 03 55 04 03 0C 0A 67 6F 6F 67 c1.0...U....goog
6C 65 2E 63 6F 6D 30 82 01 22 30 0D 06 09 2A 86 le.com0.."0...*.
48 86 F7 0D 01 01 01 05 00 03 82 01 0F 00 30 82 H.............0.
01 0A 02 82 01 01 00 AA 56 1D FA 61 E2 A1 F0 BD ........V..a....
B0 A1 FA A6 F4 24 FA DB 02 1F 1B 59 2A 00 AB 61 .....$.....Y*..a
99 00 F6 EA 2E B3 9F B0 97 EF 80 96 E4 2C 88 14 .............,..
8C 2C 60 D5 16 69 6F 8B 59 7F EC 22 BA D7 2E C7 .,`..io.Y.."....
4E 1C 3E 17 05 59 3C A3 F7 BF 77 9B A8 75 41 66 N.>..Y<...w..uAf
8D 55 41 28 55 60 56 EA 0B 43 46 21 0D 26 70 56 .UA(U`V..CF!.&pV
3A 0A 1E 50 33 38 67 56 55 FA 3F 07 40 7A 55 E7 :..P38gVU.?.@zU.
75 32 F6 C9 1B 22 68 26 76 0A D0 CE 2F D8 81 C1 u2..."h&v.../...
EB 77 41 44 19 9E AE 4A AB 7B 02 7F 18 8A 2B A3 .wAD...J.{....+.
30 D5 29 FB 5B 69 38 41 AA A2 E6 41 0C 3B F9 22 0.).[i8A...A.;."
8E 93 9F 4F 56 65 0B D9 16 F8 4B 16 B9 43 D0 32 ...OVe....K..C.2
8C D3 30 4B 54 42 83 74 A7 F3 CF F0 4B D3 15 10 ..0KTB.t....K...
F6 02 69 8F C1 F9 2F 8B C9 F8 D1 9B F9 58 D3 B9 ..i.../......X..
E7 77 F8 64 EE 09 08 8C 41 1D E7 03 44 43 39 D2 .w.d....A...DC9.
9F 76 A0 2B D0 D4 79 20 2A 24 B7 D2 D3 CD 1A 7C .v.+..y *$.....|
7D 14 17 76 EC 48 91 79 63 70 E9 98 F6 88 30 F8 }..v.H.ycp....0.
15 D9 26 55 FA DA D5 02 03 01 00 01 A3 82 1D 23 ..&U...........#
30 82 1D 1F 30 1D 06 03 55 1D 25 04 16 30 14 06 0...0...U.%..0..
08 2B 06 01 05 05 07 03 01 06 08 2B 06 01 05 05 .+.........+....
07 03 02 30 82 1B EF 06 03 55 1D 11 04 82 1B E6 ...0.....U......
30 82 1B E2 82 0A 67 6F 6F 67 6C 65 2E 63 6F 6D 0.....google.com
82 0A 2A 2E 32 6D 64 6E 2E 6E 65 74 82 0D 2A 2E ..*.2mdn.net..*.
61 6E 64 72 6F 69 64 2E 63 6F 6D 82 16 2A 2E 61 android.com..*.a
70 70 65 6E 67 69 6E 65 2E 67 6F 6F 67 6C 65 2E ppengine.google.
63 6F 6D 82 14 2A 2E 61 75 2E 64 6F 75 62 6C 65 com..*.au.double
63 6C 69 63 6B 2E 6E 65 74 82 0B 2A 2E 63 63 2D click.net..*.cc-
64 74 2E 63 6F 6D 82 12 2A 2E 63 6C 6F 75 64 2E dt.com..*.cloud.
67 6F 6F 67 6C 65 2E 63 6F 6D 82 14 2A 2E 64 65 google.com..*.de
2E 64 6F 75 62 6C 65 63 6C 69 63 6B 2E 6E 65 74 .doubleclick.net
82 11 2A 2E 64 6F 75 62 6C 65 63 6C 69 63 6B 2E ..*.doubleclick.
63 6F 6D 82 11 2A 2E 64 6F 75 62 6C 65 63 6C 69 com..*.doublecli
63 6B 2E 6E 65 74 82 15 2A 2E 66 6C 73 2E 64 6F ck.net..*.fls.do
75 62 6C 65 63 6C 69 63 6B 2E 6E 65 74 82 14 2A ubleclick.net..*
2E 66 72 2E 64 6F 75 62 6C 65 63 6C 69 63 6B 2E .fr.doubleclick.
6E 65 74 82 16 2A 2E 67 6F 6F 67 6C 65 2D 61 6E net..*.google-an
61 6C 79 74 69 63 73 2E 63 6F 6D 82 0B 2A 2E 67 alytics.com..*.g
6F 6F 67 6C 65 2E 61 63 82 0B 2A 2E 67 6F 6F 67 oogle.ac..*.goog
6C 65 2E 61 64 82 0B 2A 2E 67 6F 6F 67 6C 65 2E le.ad..*.google.
61 65 82 0B 2A 2E 67 6F 6F 67 6C 65 2E 61 66 82 ae..*.google.af.
0B 2A 2E 67 6F 6F 67 6C 65 2E 61 67 82 0B 2A 2E .*.google.ag..*.
67 6F 6F 67 6C 65 2E 61 6C 82 0B 2A 2E 67 6F 6F google.al..*.goo
67 6C 65 2E 61 6D 82 0B 2A 2E 67 6F 6F 67 6C 65 gle.am..*.google
2E 61 73 82 0B 2A 2E 67 6F 6F 67 6C 65 2E 61 74 .as..*.google.at
82 0B 2A 2E 67 6F 6F 67 6C 65 2E 61 7A 82 0B 2A ..*.google.az..*
2E 67 6F 6F 67 6C 65 2E 62 61 82 0B 2A 2E 67 6F .google.ba..*.go
6F 67 6C 65 2E 62 65 82 0B 2A 2E 67 6F 6F 67 6C ogle.be..*.googl
65 2E 62 66 82 0B 2A 2E 67 6F 6F 67 6C 65 2E 62 e.bf..*.google.b
67 82 0B 2A 2E 67 6F 6F 67 6C 65 2E 62 69 82 0B g..*.google.bi..
2A 2E 67 6F 6F 67 6C 65 2E 62 6A 82 0B 2A 2E 67 *.google.bj..*.g
6F 6F 67 6C 65 2E 62 73 82 0B 2A 2E 67 6F 6F 67 oogle.bs..*.goog
6C 65 2E 62 74 82 0B 2A 2E 67 6F 6F 67 6C 65 2E le.bt..*.google.
62 79 82 0B 2A 2E 67 6F 6F 67 6C 65 2E 63 61 82 by..*.google.ca.
0C 2A 2E 67 6F 6F 67 6C 65 2E 63 61 74 82 0B 2A .*.google.cat..*
2E 67 6F 6F 67 6C 65 2E 63 63 82 0B 2A 2E 67 6F .google.cc..*.go
6F 67 6C 65 2E 63 64 82 0B 2A 2E 67 6F 6F 67 6C ogle.cd..*.googl
65 2E 63 66 82 0B 2A 2E 67 6F 6F 67 6C 65 2E 63 e.cf..*.google.c
67 82 0B 2A 2E 67 6F 6F 67 6C 65 2E 63 68 82 0B g..*.google.ch..
2A 2E 67 6F 6F 67 6C 65 2E 63 69 82 0B 2A 2E 67 *.google.ci..*.g
6F 6F 67 6C 65 2E 63 6C 82 0B 2A 2E 67 6F 6F 67 oogle.cl..*.goog
6C 65 2E 63 6D 82 0B 2A 2E 67 6F 6F 67 6C 65 2E le.cm..*.google.
63 6E 82 0E 2A 2E 67 6F 6F 67 6C 65 2E 63 6F 2E cn..*.google.co.
61 6F 82 0E 2A 2E 67 6F 6F 67 6C 65 2E 63 6F 2E ao..*.google.co.
62 77 82 0E 2A 2E 67 6F 6F 67 6C 65 2E 63 6F 2E bw..*.google.co.
63 6B 82 0E 2A 2E 67 6F 6F 67 6C 65 2E 63 6F 2E ck..*.google.co.
63 72 82 0E 2A 2E 67 6F 6F 67 6C 65 2E 63 6F 2E cr..*.google.co.
68 75 82 0E 2A 2E 67 6F 6F 67 6C 65 2E 63 6F 2E hu..*.google.co.
69 64 82 0E 2A 2E 67 6F 6F 67 6C 65 2E 63 6F 2E id..*.google.co.
69 6C 82 0E 2A 2E 67 6F 6F 67 6C 65 2E 63 6F 2E il..*.google.co.
69 6D 82 0E 2A 2E 67 6F 6F 67 6C 65 2E 63 6F 2E im..*.google.co.
69 6E 82 0E 2A 2E 67 6F 6F 67 6C 65 2E 63 6F 2E in..*.google.co.
6A 65 82 0E 2A 2E 67 6F 6F 67 6C 65 2E 63 6F 2E je..*.google.co.
6A 70 82 0E 2A 2E 67 6F 6F 67 6C 65 2E 63 6F 2E jp..*.google.co.
6B 65 82 0E 2A 2E 67 6F 6F 67 6C 65 2E 63 6F 2E ke..*.google.co.
6B 72 82 0E 2A 2E 67 6F 6F 67 6C 65 2E 63 6F 2E kr..*.google.co.
6C 73 82 0E 2A 2E 67 6F 6F 67 6C 65 2E 63 6F 2E ls..*.google.co.
6D 61 82 0E 2A 2E 67 6F 6F 67 6C 65 2E 63 6F 2E ma..*.google.co.
6D 7A 82 0E 2A 2E 67 6F 6F 67 6C 65 2E 63 6F 2E mz..*.google.co.
6E 7A 82 0E 2A 2E 67 6F 6F 67 6C 65 2E 63 6F 2E nz..*.google.co.
74 68 82 0E 2A 2E 67 6F 6F 67 6C 65 2E 63 6F 2E th..*.google.co.
74 7A 82 0E 2A 2E 67 6F 6F 67 6C 65 2E 63 6F 2E tz..*.google.co.
75 67 82 0E 2A 2E 67 6F 6F 67 6C 65 2E 63 6F 2E ug..*.google.co.
75 6B 82 0E 2A 2E 67 6F 6F 67 6C 65 2E 63 6F 2E uk..*.google.co.
75 7A 82 0E 2A 2E 67 6F 6F 67 6C 65 2E 63 6F 2E uz..*.google.co.
76 65 82 0E 2A 2E 67 6F 6F 67 6C 65 2E 63 6F 2E ve..*.google.co.
76 69 82 0E 2A 2E 67 6F 6F 67 6C 65 2E 63 6F 2E vi..*.google.co.
7A 61 82 0E 2A 2E 67 6F 6F 67 6C 65 2E 63 6F 2E za..*.google.co.
7A 6D 82 0E 2A 2E 67 6F 6F 67 6C 65 2E 63 6F 2E zm..*.google.co.
7A 77 82 0C 2A 2E 67 6F 6F 67 6C 65 2E 63 6F 6D zw..*.google.com
82 0F 2A 2E 67 6F 6F 67 6C 65 2E 63 6F 6D 2E 61 ..*.google.com.a
66 82 0F 2A 2E 67 6F 6F 67 6C 65 2E 63 6F 6D 2E f..*.google.com.
61 67 82 0F 2A 2E 67 6F 6F 67 6C 65 2E 63 6F 6D ag..*.google.com
2E 61 69 82 0F 2A 2E 67 6F 6F 67 6C 65 2E 63 6F .ai..*.google.co
6D 2E 61 72 82 0F 2A 2E 67 6F 6F 67 6C 65 2E 63 m.ar..*.google.c
6F 6D 2E 61 75 82 0F 2A 2E 67 6F 6F 67 6C 65 2E om.au..*.google.
63 6F 6D 2E 62 64 82 0F 2A 2E 67 6F 6F 67 6C 65 com.bd..*.google
2E 63 6F 6D 2E 62 68 82 0F 2A 2E 67 6F 6F 67 6C .com.bh..*.googl
65 2E 63 6F 6D 2E 62 6E 82 0F 2A 2E 67 6F 6F 67 e.com.bn..*.goog
6C 65 2E 63 6F 6D 2E 62 6F 82 0F 2A 2E 67 6F 6F le.com.bo..*.goo
67 6C 65 2E 63 6F 6D 2E 62 72 82 0F 2A 2E 67 6F gle.com.br..*.go
6F 67 6C 65 2E 63 6F 6D 2E 62 79 82 0F 2A 2E 67 ogle.com.by..*.g
6F 6F 67 6C 65 2E 63 6F 6D 2E 62 7A 82 0F 2A 2E oogle.com.bz..*.
67 6F 6F 67 6C 65 2E 63 6F 6D 2E 63 6E 82 0F 2A google.com.cn..*
2E 67 6F 6F 67 6C 65 2E 63 6F 6D 2E 63 6F 82 0F .google.com.co..
2A 2E 67 6F 6F 67 6C 65 2E 63 6F 6D 2E 63 75 82 *.google.com.cu.
0F 2A 2E 67 6F 6F 67 6C 65 2E 63 6F 6D 2E 63 79 .*.google.com.cy
82 0F 2A 2E 67 6F 6F 67 6C 65 2E 63 6F 6D 2E 64 ..*.google.com.d
6F 82 0F 2A 2E 67 6F 6F 67 6C 65 2E 63 6F 6D 2E o..*.google.com.
65 63 82 0F 2A 2E 67 6F 6F 67 6C 65 2E 63 6F 6D ec..*.google.com
2E 65 67 82 0F 2A 2E 67 6F 6F 67 6C 65 2E 63 6F .eg..*.google.co
6D 2E 65 74 82 0F 2A 2E 67 6F 6F 67 6C 65 2E 63 m.et..*.google.c
6F 6D 2E 66 6A 82 0F 2A 2E 67 6F 6F 67 6C 65 2E om.fj..*.google.
63 6F 6D 2E 67 65 82 0F 2A 2E 67 6F 6F 67 6C 65 com.ge..*.google
2E 63 6F 6D 2E 67 68 82 0F 2A 2E 67 6F 6F 67 6C .com.gh..*.googl
65 2E 63 6F 6D 2E 67 69 82 0F 2A 2E 67 6F 6F 67 e.com.gi..*.goog
6C 65 2E 63 6F 6D 2E 67 72 82 0F 2A 2E 67 6F 6F le.com.gr..*.goo
67 6C 65 2E 63 6F 6D 2E 67 74 82 0F 2A 2E 67 6F gle.com.gt..*.go
6F 67 6C 65 2E 63 6F 6D 2E 68 6B 82 0F 2A 2E 67 ogle.com.hk..*.g
6F 6F 67 6C 65 2E 63 6F 6D 2E 69 71 82 0F 2A 2E oogle.com.iq..*.
67 6F 6F 67 6C 65 2E 63 6F 6D 2E 6A 6D 82 0F 2A google.com.jm..*
2E 67 6F 6F 67 6C 65 2E 63 6F 6D 2E 6A 6F 82 0F .google.com.jo..
2A 2E 67 6F 6F 67 6C 65 2E 63 6F 6D 2E 6B 68 82 *.google.com.kh.
0F 2A 2E 67 6F 6F 67 6C 65 2E 63 6F 6D 2E 6B 77 .*.google.com.kw
82 0F 2A 2E 67 6F 6F 67 6C 65 2E 63 6F 6D 2E 6C ..*.google.com.l
62 82 0F 2A 2E 67 6F 6F 67 6C 65 2E 63 6F 6D 2E b..*.google.com.
6C 79 82 0F 2A 2E 67 6F 6F 67 6C 65 2E 63 6F 6D ly..*.google.com
2E 6D 6D 82 0F 2A 2E 67 6F 6F 67 6C 65 2E 63 6F .mm..*.google.co
6D 2E 6D 74 82 0F 2A 2E 67 6F 6F 67 6C 65 2E 63 m.mt..*.google.c
6F 6D 2E 6D 78 82 0F 2A 2E 67 6F 6F 67 6C 65 2E om.mx..*.google.
63 6F 6D 2E 6D 79 82 0F 2A 2E 67 6F 6F 67 6C 65 com.my..*.google
2E 63 6F 6D 2E 6E 61 82 0F 2A 2E 67 6F 6F 67 6C .com.na..*.googl
65 2E 63 6F 6D 2E 6E 66 82 0F 2A 2E 67 6F 6F 67 e.com.nf..*.goog
6C 65 2E 63 6F 6D 2E 6E 67 82 0F 2A 2E 67 6F 6F le.com.ng..*.goo
67 6C 65 2E 63 6F 6D 2E 6E 69 82 0F 2A 2E 67 6F gle.com.ni..*.go
6F 67 6C 65 2E 63 6F 6D 2E 6E 70 82 0F 2A 2E 67 ogle.com.np..*.g
6F 6F 67 6C 65 2E 63 6F 6D 2E 6E 72 82 0F 2A 2E oogle.com.nr..*.
67 6F 6F 67 6C 65 2E 63 6F 6D 2E 6F 6D 82 0F 2A google.com.om..*
2E 67 6F 6F 67 6C 65 2E 63 6F 6D 2E 70 61 82 0F .google.com.pa..
2A 2E 67 6F 6F 67 6C 65 2E 63 6F 6D 2E 70 65 82 *.google.com.pe.
0F 2A 2E 67 6F 6F 67 6C 65 2E 63 6F 6D 2E 70 67 .*.google.com.pg
82 0F 2A 2E 67 6F 6F 67 6C 65 2E 63 6F 6D 2E 70 ..*.google.com.p
68 82 0F 2A 2E 67 6F 6F 67 6C 65 2E 63 6F 6D 2E h..*.google.com.
70 6B 82 0F 2A 2E 67 6F 6F 67 6C 65 2E 63 6F 6D pk..*.google.com
2E 70 6C 82 0F 2A 2E 67 6F 6F 67 6C 65 2E 63 6F .pl..*.google.co
6D 2E 70 72 82 0F 2A 2E 67 6F 6F 67 6C 65 2E 63 m.pr..*.google.c
6F 6D 2E 70 79 82 0F 2A 2E 67 6F 6F 67 6C 65 2E om.py..*.google.
63 6F 6D 2E 71 61 82 0F 2A 2E 67 6F 6F 67 6C 65 com.qa..*.google
2E 63 6F 6D 2E 72 75 82 0F 2A 2E 67 6F 6F 67 6C .com.ru..*.googl
65 2E 63 6F 6D 2E 73 61 82 0F 2A 2E 67 6F 6F 67 e.com.sa..*.goog
6C 65 2E 63 6F 6D 2E 73 62 82 0F 2A 2E 67 6F 6F le.com.sb..*.goo
67 6C 65 2E 63 6F 6D 2E 73 67 82 0F 2A 2E 67 6F gle.com.sg..*.go
6F 67 6C 65 2E 63 6F 6D 2E 73 6C 82 0F 2A 2E 67 ogle.com.sl..*.g
6F 6F 67 6C 65 2E 63 6F 6D 2E 73 76 82 0F 2A 2E oogle.com.sv..*.
67 6F 6F 67 6C 65 2E 63 6F 6D 2E 74 6A 82 0F 2A google.com.tj..*
2E 67 6F 6F 67 6C 65 2E 63 6F 6D 2E 74 6E 82 0F .google.com.tn..
2A 2E 67 6F 6F 67 6C 65 2E 63 6F 6D 2E 74 72 82 *.google.com.tr.
0F 2A 2E 67 6F 6F 67 6C 65 2E 63 6F 6D 2E 74 77 .*.google.com.tw
82 0F 2A 2E 67 6F 6F 67 6C 65 2E 63             ..*.google.c

Fri Nov 18 16:28:37 2016	127.0.0.1:27528 < 216.58.214.227:443
6F 6D 2E 75 61 82 0F 2A 2E 67 6F 6F 67 6C 65 2E om.ua..*.google.
63 6F 6D 2E 75 79 82 0F 2A 2E 67 6F 6F 67 6C 65 com.uy..*.google
2E 63 6F 6D 2E 76 63 82 0F 2A 2E 67 6F 6F 67 6C .com.vc..*.googl
65 2E 63 6F 6D 2E 76 65 82 0F 2A 2E 67 6F 6F 67 e.com.ve..*.goog
6C 65 2E 63 6F 6D 2E 76 6E 82 0B 2A 2E 67 6F 6F le.com.vn..*.goo
67 6C 65 2E 63 76 82 0B 2A 2E 67 6F 6F 67 6C 65 gle.cv..*.google
2E 63 7A 82 0B 2A 2E 67 6F 6F 67 6C 65 2E 64 65 .cz..*.google.de
82 0B 2A 2E 67 6F 6F 67 6C 65 2E 64 6A 82 0B 2A ..*.google.dj..*
2E 67 6F 6F 67 6C 65 2E 64 6B 82 0B 2A 2E 67 6F .google.dk..*.go
6F 67 6C 65 2E 64 6D 82 0B 2A 2E 67 6F 6F 67 6C ogle.dm..*.googl
65 2E 64 7A 82 0B 2A 2E 67 6F 6F 67 6C 65 2E 65 e.dz..*.google.e
65 82 0B 2A 2E 67 6F 6F 67 6C 65 2E 65 73 82 0C e..*.google.es..
2A 2E 67 6F 6F 67 6C 65 2E 65 75 73 82 0B 2A 2E *.google.eus..*.
67 6F 6F 67 6C 65 2E 66 69 82 0B 2A 2E 67 6F 6F google.fi..*.goo
67 6C 65 2E 66 6D 82 0B 2A 2E 67 6F 6F 67 6C 65 gle.fm..*.google
2E 66 72 82 0C 2A 2E 67 6F 6F 67 6C 65 2E 66 72 .fr..*.google.fr
6C 82 0B 2A 2E 67 6F 6F 67 6C 65 2E 67 61 82 0C l..*.google.ga..
2A 2E 67 6F 6F 67 6C 65 2E 67 61 6C 82 0B 2A 2E *.google.gal..*.
67 6F 6F 67 6C 65 2E 67 65 82 0B 2A 2E 67 6F 6F google.ge..*.goo
67 6C 65 2E 67 67 82 0B 2A 2E 67 6F 6F 67 6C 65 gle.gg..*.google
2E 67 6C 82 0B 2A 2E 67 6F 6F 67 6C 65 2E 67 6D .gl..*.google.gm
82 0B 2A 2E 67 6F 6F 67 6C 65 2E 67 70 82 0B 2A ..*.google.gp..*
2E 67 6F 6F 67 6C 65 2E 67 72 82 0B 2A 2E 67 6F .google.gr..*.go
6F 67 6C 65 2E 67 79 82 0B 2A 2E 67 6F 6F 67 6C ogle.gy..*.googl
65 2E 68 6B 82 0B 2A 2E 67 6F 6F 67 6C 65 2E 68 e.hk..*.google.h
6E 82 0B 2A 2E 67 6F 6F 67 6C 65 2E 68 72 82 0B n..*.google.hr..
2A 2E 67 6F 6F 67 6C 65 2E 68 74 82 0B 2A 2E 67 *.google.ht..*.g
6F 6F 67 6C 65 2E 68 75 82 0B 2A 2E 67 6F 6F 67 oogle.hu..*.goog
6C 65 2E 69 65 82 0B 2A 2E 67 6F 6F 67 6C 65 2E le.ie..*.google.
69 6D 82 0B 2A 2E 67 6F 6F 67 6C 65 2E 69 6E 82 im..*.google.in.
0D 2A 2E 67 6F 6F 67 6C 65 2E 69 6E 66 6F 82 0B .*.google.info..
2A 2E 67 6F 6F 67 6C 65 2E 69 71 82 0B 2A 2E 67 *.google.iq..*.g
6F 6F 67 6C 65 2E 69 72 82 0B 2A 2E 67 6F 6F 67 oogle.ir..*.goog
6C 65 2E 69 73 82 0B 2A 2E 67 6F 6F 67 6C 65 2E le.is..*.google.
69 74 82 0E 2A 2E 67 6F 6F 67 6C 65 2E 69 74 2E it..*.google.it.
61 6F 82 0B 2A 2E 67 6F 6F 67 6C 65 2E 6A 65 82 ao..*.google.je.
0B 2A 2E 67 6F 6F 67 6C 65 2E 6A 6F 82 0D 2A 2E .*.google.jo..*.
67 6F 6F 67 6C 65 2E 6A 6F 62 73 82 0B 2A 2E 67 google.jobs..*.g
6F 6F 67 6C 65 2E 6A 70 82 0B 2A 2E 67 6F 6F 67 oogle.jp..*.goog
6C 65 2E 6B 67 82 0B 2A 2E 67 6F 6F 67 6C 65 2E le.kg..*.google.
6B 69 82 0B 2A 2E 67 6F 6F 67 6C 65 2E 6B 7A 82 ki..*.google.kz.
0B 2A 2E 67 6F 6F 67 6C 65 2E 6C 61 82 0B 2A 2E .*.google.la..*.
67 6F 6F 67 6C 65 2E 6C 69 82 0B 2A 2E 67 6F 6F google.li..*.goo
67 6C 65 2E 6C 6B 82 0B 2A 2E 67 6F 6F 67 6C 65 gle.lk..*.google
2E 6C 74 82 0B 2A 2E 67 6F 6F 67 6C 65 2E 6C 75 .lt..*.google.lu
82 0B 2A 2E 67 6F 6F 67 6C 65 2E 6C 76 82 0B 2A ..*.google.lv..*
2E 67 6F 6F 67 6C 65 2E 6D 64 82 0B 2A 2E 67 6F .google.md..*.go
6F 67 6C 65 2E 6D 65 82 0B 2A 2E 67 6F 6F 67 6C ogle.me..*.googl
65 2E 6D 67 82 0B 2A 2E 67 6F 6F 67 6C 65 2E 6D e.mg..*.google.m
6B 82 0B 2A 2E 67 6F 6F 67 6C 65 2E 6D 6C 82 0B k..*.google.ml..
2A 2E 67 6F 6F 67 6C 65 2E 6D 6E 82 0B 2A 2E 67 *.google.mn..*.g
6F 6F 67 6C 65 2E 6D 73 82 0B 2A 2E 67 6F 6F 67 oogle.ms..*.goog
6C 65 2E 6D 75 82 0B 2A 2E 67 6F 6F 67 6C 65 2E le.mu..*.google.
6D 76 82 0B 2A 2E 67 6F 6F 67 6C 65 2E 6D 77 82 mv..*.google.mw.
0B 2A 2E 67 6F 6F 67 6C 65 2E 6E 65 82 0E 2A 2E .*.google.ne..*.
67 6F 6F 67 6C 65 2E 6E 65 2E 6A 70 82 0C 2A 2E google.ne.jp..*.
67 6F 6F 67 6C 65 2E 6E 65 74 82 0B 2A 2E 67 6F google.net..*.go
6F 67 6C 65 2E 6E 67 82 0B 2A 2E 67 6F 6F 67 6C ogle.ng..*.googl
65 2E 6E 6C 82 0B 2A 2E 67 6F 6F 67 6C 65 2E 6E e.nl..*.google.n
6F 82 0B 2A 2E 67 6F 6F 67 6C 65 2E 6E 72 82 0B o..*.google.nr..
2A 2E 67 6F 6F 67 6C 65 2E 6E 75 82 0F 2A 2E 67 *.google.nu..*.g
6F 6F 67 6C 65 2E 6F 66 66 2E 61 69 82 0B 2A 2E oogle.off.ai..*.
67 6F 6F 67 6C 65 2E 70 6B 82 0B 2A 2E 67 6F 6F google.pk..*.goo
67 6C 65 2E 70 6C 82 0B 2A 2E 67 6F 6F 67 6C 65 gle.pl..*.google
2E 70 6E 82 0B 2A 2E 67 6F 6F 67 6C 65 2E 70 73 .pn..*.google.ps
82 0B 2A 2E 67 6F 6F 67 6C 65 2E 70 74 82 0B 2A ..*.google.pt..*
2E 67 6F 6F 67 6C 65 2E 72 6F 82 0B 2A 2E 67 6F .google.ro..*.go
6F 67 6C 65 2E 72 73 82 0B 2A 2E 67 6F 6F 67 6C ogle.rs..*.googl
65 2E 72 75 82 0B 2A 2E 67 6F 6F 67 6C 65 2E 72 e.ru..*.google.r
77 82 0B 2A 2E 67 6F 6F 67 6C 65 2E 73 63 82 0B w..*.google.sc..
2A 2E 67 6F 6F 67 6C 65 2E 73 65 82 0B 2A 2E 67 *.google.se..*.g
6F 6F 67 6C 65 2E 73 68 82 0B 2A 2E 67 6F 6F 67 oogle.sh..*.goog
6C 65 2E 73 69 82 0B 2A 2E 67 6F 6F 67 6C 65 2E le.si..*.google.
73 6B 82 0B 2A 2E 67 6F 6F 67 6C 65 2E 73 6D 82 sk..*.google.sm.
0B 2A 2E 67 6F 6F 67 6C 65 2E 73 6E 82 0B 2A 2E .*.google.sn..*.
67 6F 6F 67 6C 65 2E 73 6F 82 0B 2A 2E 67 6F 6F google.so..*.goo
67 6C 65 2E 73 72 82 0B 2A 2E 67 6F 6F 67 6C 65 gle.sr..*.google
2E 73 74 82 0B 2A 2E 67 6F 6F 67 6C 65 2E 74 64 .st..*.google.td
82 0C 2A 2E 67 6F 6F 67 6C 65 2E 74 65 6C 82 0B ..*.google.tel..
2A 2E 67 6F 6F 67 6C 65 2E 74 67 82 0B 2A 2E 67 *.google.tg..*.g
6F 6F 67 6C 65 2E 74 6B 82 0B 2A 2E 67 6F 6F 67 oogle.tk..*.goog
6C 65 2E 74 6C 82 0B 2A 2E 67 6F 6F 67 6C 65 2E le.tl..*.google.
74 6D 82 0B 2A 2E 67 6F 6F 67 6C 65 2E 74 6E 82 tm..*.google.tn.
0B 2A 2E 67 6F 6F 67 6C 65 2E 74 6F 82 0B 2A 2E .*.google.to..*.
67 6F 6F 67 6C 65 2E 74 74 82 0B 2A 2E 67 6F 6F google.tt..*.goo
67 6C 65 2E 75 61 82 0B 2A 2E 67 6F 6F 67 6C 65 gle.ua..*.google
2E 75 73 82 0B 2A 2E 67 6F 6F 67 6C 65 2E 75 7A .us..*.google.uz
82 0B 2A 2E 67 6F 6F 67 6C 65 2E 76 67 82 0B 2A ..*.google.vg..*
2E 67 6F 6F 67 6C 65 2E 76 75 82 0B 2A 2E 67 6F .google.vu..*.go
6F 67 6C 65 2E 77 73 82 12 2A 2E 67 6F 6F 67 6C ogle.ws..*.googl
65 61 64 61 70 69 73 2E 63 6F 6D 82 15 2A 2E 67 eadapis.com..*.g
6F 6F 67 6C 65 61 64 73 73 65 72 76 69 6E 67 2E oogleadsserving.
63 6E 82 0F 2A 2E 67 6F 6F 67 6C 65 61 70 69 73 cn..*.googleapis
2E 63 6E 82 14 2A 2E 67 6F 6F 67 6C 65 63 6F 6D .cn..*.googlecom
6D 65 72 63 65 2E 63 6F 6D 82 16 2A 2E 67 6F 6F merce.com..*.goo
67 6C 65 75 73 65 72 63 6F 6E 74 65 6E 74 2E 63 gleusercontent.c
6E 82 11 2A 2E 67 6F 6F 67 6C 65 76 69 64 65 6F n..*.googlevideo
2E 63 6F 6D 82 0C 2A 2E 67 73 74 61 74 69 63 2E .com..*.gstatic.
63 6E 82 0D 2A 2E 67 73 74 61 74 69 63 2E 63 6F cn..*.gstatic.co
6D 82 0A 2A 2E 67 76 74 31 2E 63 6F 6D 82 0A 2A m..*.gvt1.com..*
2E 67 76 74 32 2E 63 6F 6D 82 14 2A 2E 6A 70 2E .gvt2.com..*.jp.
64 6F 75 62 6C 65 63 6C 69 63 6B 2E 6E 65 74 82 doubleclick.net.
14 2A 2E 6D 65 74 72 69 63 2E 67 73 74 61 74 69 .*.metric.gstati
63 2E 63 6F 6D 82 14 2A 2E 75 6B 2E 64 6F 75 62 c.com..*.uk.doub
6C 65 63 6C 69 63 6B 2E 6E 65 74 82 0C 2A 2E 75 leclick.net..*.u
72 63 68 69 6E 2E 63 6F 6D 82 10 2A 2E 75 72 6C rchin.com..*.url
2E 67 6F 6F 67 6C 65 2E 63 6F 6D 82 16 2A 2E 79 .google.com..*.y
6F 75 74 75 62 65 2D 6E 6F 63 6F 6F 6B 69 65 2E outube-nocookie.
63 6F 6D 82 0D 2A 2E 79 6F 75 74 75 62 65 2E 63 com..*.youtube.c
6F 6D 82 16 2A 2E 79 6F 75 74 75 62 65 65 64 75 om..*.youtubeedu
63 61 74 69 6F 6E 2E 63 6F 6D 82 0B 2A 2E 79 74 cation.com..*.yt
69 6D 67 2E 63 6F 6D 82 15 61 64 2E 6D 6F 2E 64 img.com..ad.mo.d
6F 75 62 6C 65 63 6C 69 63 6B 2E 6E 65 74 82 1A oubleclick.net..
61 6E 64 72 6F 69 64 2E 63 6C 69 65 6E 74 73 2E android.clients.
67 6F 6F 67 6C 65 2E 63 6F 6D 82 0B 61 6E 64 72 google.com..andr
6F 69 64 2E 63 6F 6D 82 1B 64 65 76 65 6C 6F 70 oid.com..develop
65 72 2E 61 6E 64 72 6F 69 64 2E 67 6F 6F 67 6C er.android.googl
65 2E 63 6E 82 0F 64 6F 75 62 6C 65 63 6C 69 63 e.cn..doubleclic
6B 2E 6E 65 74 82 04 67 2E 63 6F 82 06 67 6F 6F k.net..g.co..goo
2E 67 6C 82 14 67 6F 6F 67 6C 65 2D 61 6E 61 6C .gl..google-anal
79 74 69 63 73 2E 63 6F 6D 82 09 67 6F 6F 67 6C ytics.com..googl
65 2E 61 63 82 09 67 6F 6F 67 6C 65 2E 61 64 82 e.ac..google.ad.
09 67 6F 6F 67 6C 65 2E 61 65 82 09 67 6F 6F 67 .google.ae..goog
6C 65 2E 61 66 82 09 67 6F 6F 67 6C 65 2E 61 67 le.af..google.ag
82 09 67 6F 6F 67 6C 65 2E 61 6C 82 09 67 6F 6F ..google.al..goo
67 6C 65 2E 61 6D 82 09 67 6F 6F 67 6C 65 2E 61 gle.am..google.a
73 82 09 67 6F 6F 67 6C 65 2E 61 74 82 09 67 6F s..google.at..go
6F 67 6C 65 2E 61 7A 82 09 67 6F 6F 67 6C 65 2E ogle.az..google.
62 61 82 09 67 6F 6F 67 6C 65 2E 62 65 82 09 67 ba..google.be..g
6F 6F 67 6C 65 2E 62 66 82 09 67 6F 6F 67 6C 65 oogle.bf..google
2E 62 67 82 09 67 6F 6F 67 6C 65 2E 62 69 82 09 .bg..google.bi..
67 6F 6F 67 6C 65 2E 62 6A 82 09 67 6F 6F 67 6C google.bj..googl
65 2E 62 73 82 09 67 6F 6F 67 6C 65 2E 62 74 82 e.bs..google.bt.
09 67 6F 6F 67 6C 65 2E 62 79 82 09 67 6F 6F 67 .google.by..goog
6C 65 2E 63 61 82 0A 67 6F 6F 67 6C 65 2E 63 61 le.ca..google.ca
74 82 09 67 6F 6F 67 6C 65 2E 63 63 82 09 67 6F t..google.cc..go
6F 67 6C 65 2E 63 64 82 09 67 6F 6F 67 6C 65 2E ogle.cd..google.
63 66 82 09 67 6F 6F 67 6C 65 2E 63 67 82 09 67 cf..google.cg..g
6F 6F 67 6C 65 2E 63 68 82 09 67 6F 6F 67 6C 65 oogle.ch..google
2E 63 69 82 09 67 6F 6F 67 6C 65 2E 63 6C 82 09 .ci..google.cl..
67 6F 6F 67 6C 65 2E 63 6D 82 09 67 6F 6F 67 6C google.cm..googl
65 2E 63 6E 82 0C 67 6F 6F 67 6C 65 2E 63 6F 2E e.cn..google.co.
61 6F 82 0C 67 6F 6F 67 6C 65 2E 63 6F 2E 62 77 ao..google.co.bw
82 0C 67 6F 6F 67 6C 65 2E 63 6F 2E 63 6B 82 0C ..google.co.ck..
67 6F 6F 67 6C 65 2E 63 6F 2E 63 72 82 0C 67 6F google.co.cr..go
6F 67 6C 65 2E 63 6F 2E 68 75 82 0C 67 6F 6F 67 ogle.co.hu..goog
6C 65 2E 63 6F 2E 69 64 82 0C 67 6F 6F 67 6C 65 le.co.id..google
2E 63 6F 2E 69 6C 82 0C 67 6F 6F 67 6C 65 2E 63 .co.il..google.c
6F 2E 69 6D 82 0C 67 6F 6F 67 6C 65 2E 63 6F 2E o.im..google.co.
69 6E 82 0C 67 6F 6F 67 6C 65 2E 63 6F 2E 6A 65 in..google.co.je
82 0C 67 6F 6F 67 6C 65 2E 63 6F 2E 6A 70 82 0C ..google.co.jp..
67 6F 6F 67 6C 65 2E 63 6F 2E 6B 65 82 0C 67 6F google.co.ke..go
6F 67 6C 65 2E 63 6F 2E 6B 72 82 0C 67 6F 6F 67 ogle.co.kr..goog
6C 65 2E 63 6F 2E 6C 73 82 0C 67 6F 6F 67 6C 65 le.co.ls..google
2E 63 6F 2E 6D 61 82 0C 67 6F 6F 67 6C 65 2E 63 .co.ma..google.c
6F 2E 6D 7A 82 0C 67 6F 6F 67 6C 65 2E 63 6F 2E o.mz..google.co.
6E 7A 82 0C 67 6F 6F 67 6C 65 2E 63 6F 2E 74 68 nz..google.co.th
82 0C 67 6F 6F 67 6C 65 2E 63 6F 2E 74 7A 82 0C ..google.co.tz..
67 6F 6F 67 6C 65 2E 63 6F 2E 75 67 82 0C 67 6F google.co.ug..go
6F 67 6C 65 2E 63 6F 2E 75 6B 82 0C 67 6F 6F 67 ogle.co.uk..goog
6C 65 2E 63 6F 2E 75 7A 82 0C 67 6F 6F 67 6C 65 le.co.uz..google
2E 63 6F 2E 76 65 82 0C 67 6F 6F 67 6C 65 2E 63 .co.ve..google.c
6F 2E 76 69 82 0C 67 6F 6F 67 6C 65 2E 63 6F 2E o.vi..google.co.
7A 61 82 0C 67 6F 6F 67 6C 65 2E 63 6F 2E 7A 6D za..google.co.zm
82 0C 67 6F 6F 67 6C 65 2E 63 6F 2E 7A 77 82 0D ..google.co.zw..
67 6F 6F 67 6C 65 2E 63 6F 6D 2E 61 66 82 0D 67 google.com.af..g
6F 6F 67 6C 65 2E 63 6F 6D 2E 61 67 82 0D 67 6F oogle.com.ag..go
6F 67 6C 65 2E 63 6F 6D 2E 61 69 82 0D 67 6F 6F ogle.com.ai..goo
67 6C 65 2E 63 6F 6D 2E 61 72 82 0D 67 6F 6F 67 gle.com.ar..goog
6C 65 2E 63 6F 6D 2E 61 75 82 0D 67 6F 6F 67 6C le.com.au..googl
65 2E 63 6F 6D 2E 62 64 82 0D 67 6F 6F 67 6C 65 e.com.bd..google
2E 63 6F 6D 2E 62 68 82 0D 67 6F 6F 67 6C 65 2E .com.bh..google.
63 6F 6D 2E 62 6E 82 0D 67 6F 6F 67 6C 65 2E 63 com.bn..google.c
6F 6D 2E 62 6F 82 0D 67 6F 6F 67 6C 65 2E 63 6F om.bo..google.co
6D 2E 62 72 82 0D 67 6F 6F 67 6C 65 2E 63 6F 6D m.br..google.com
2E 62 79 82 0D 67 6F 6F 67 6C 65 2E 63 6F 6D 2E .by..google.com.
62 7A 82 0D 67 6F 6F 67 6C 65 2E 63 6F 6D 2E 63 bz..google.com.c
6E 82 0D 67 6F 6F 67 6C 65 2E 63 6F 6D 2E 63 6F n..google.com.co
82 0D 67 6F 6F 67 6C 65 2E 63 6F 6D 2E 63 75 82 ..google.com.cu.
0D 67 6F 6F 67 6C 65 2E 63 6F 6D 2E 63 79 82 0D .google.com.cy..
67 6F 6F 67 6C 65 2E 63 6F 6D 2E 64 6F 82 0D 67 google.com.do..g
6F 6F 67 6C 65 2E 63 6F 6D 2E 65 63 82 0D 67 6F oogle.com.ec..go
6F 67 6C 65 2E 63 6F 6D 2E 65 67 82 0D 67 6F 6F ogle.com.eg..goo
67 6C 65 2E 63 6F 6D 2E 65 74 82 0D 67 6F 6F 67 gle.com.et..goog
6C 65 2E 63 6F 6D 2E 66 6A 82 0D 67 6F 6F 67 6C le.com.fj..googl
65 2E 63 6F 6D 2E 67 65 82 0D 67 6F 6F 67 6C 65 e.com.ge..google
2E 63 6F 6D 2E 67 68 82 0D 67 6F 6F 67 6C 65 2E .com.gh..google.
63 6F 6D 2E 67 69 82 0D 67 6F 6F 67 6C 65 2E 63 com.gi..google.c
6F 6D 2E 67 72 82 0D 67 6F 6F 67 6C 65 2E 63 6F om.gr..google.co
6D 2E 67 74 82 0D 67 6F 6F 67 6C 65 2E 63 6F 6D m.gt..google.com
2E 68 6B 82 0D 67 6F 6F 67 6C 65 2E 63 6F 6D 2E .hk..google.com.
69 71 82 0D 67 6F 6F 67 6C 65 2E 63 6F 6D 2E 6A iq..google.com.j
6D 82 0D 67 6F 6F 67 6C 65 2E 63 6F 6D 2E 6A 6F m..google.com.jo
82 0D 67 6F 6F 67 6C 65 2E 63 6F 6D 2E 6B 68 82 ..google.com.kh.
0D 67 6F 6F 67 6C 65 2E 63 6F 6D 2E 6B 77 82 0D .google.com.kw..
67 6F 6F 67 6C 65 2E 63 6F 6D 2E 6C 62 82 0D 67 google.com.lb..g
6F 6F 67 6C 65 2E 63 6F 6D 2E 6C 79 82 0D 67 6F oogle.com.ly..go
6F 67 6C 65 2E 63 6F 6D 2E 6D 6D 82 0D 67 6F 6F ogle.com.mm..goo
67 6C 65 2E 63 6F 6D 2E 6D 74 82 0D 67 6F 6F 67 gle.com.mt..goog
6C 65 2E 63 6F 6D 2E 6D 78 82 0D 67 6F 6F 67 6C le.com.mx..googl
65 2E 63 6F 6D 2E 6D 79 82 0D 67 6F 6F 67 6C 65 e.com.my..google
2E 63 6F 6D 2E 6E 61 82 0D 67 6F 6F 67 6C 65 2E .com.na..google.
63 6F 6D 2E 6E 66 82 0D 67 6F 6F 67 6C 65 2E 63 com.nf..google.c
6F 6D 2E 6E 67 82 0D 67 6F 6F 67 6C 65 2E 63 6F om.ng..google.co
6D 2E 6E 69 82 0D 67 6F 6F 67 6C 65 2E 63 6F 6D m.ni..google.com
2E 6E 70 82 0D 67 6F 6F 67 6C 65 2E 63 6F 6D 2E .np..google.com.
6E 72 82 0D 67 6F 6F 67 6C 65 2E 63 6F 6D 2E 6F nr..google.com.o
6D 82 0D 67 6F 6F 67 6C 65 2E 63 6F 6D 2E 70 61 m..google.com.pa
82 0D 67 6F 6F 67 6C 65 2E 63 6F 6D 2E 70 65 82 ..google.com.pe.
0D 67 6F 6F 67 6C 65 2E 63 6F 6D 2E 70 67 82 0D .google.com.pg..
67 6F 6F 67 6C 65 2E 63 6F 6D 2E 70 68 82 0D 67 google.com.ph..g
6F 6F 67 6C 65 2E 63 6F 6D 2E 70 6B 82 0D 67 6F oogle.com.pk..go
6F 67 6C 65 2E 63 6F 6D 2E 70 6C 82 0D 67 6F 6F ogle.com.pl..goo
67 6C 65 2E 63 6F 6D 2E 70 72 82 0D 67 6F 6F 67 gle.com.pr..goog
6C 65 2E 63 6F 6D 2E 70 79 82 0D 67 6F 6F 67 6C le.com.py..googl
65 2E 63 6F 6D 2E 71 61 82 0D 67 6F 6F 67 6C 65 e.com.qa..google
2E 63 6F 6D 2E 72 75 82 0D 67 6F 6F 67 6C 65 2E .com.ru..google.
63 6F 6D 2E 73 61 82 0D 67 6F 6F 67 6C 65 2E 63 com.sa..google.c
6F 6D 2E 73 62 82 0D 67 6F 6F 67 6C 65 2E 63 6F om.sb..google.co
6D 2E 73 67 82 0D 67 6F 6F 67 6C 65 2E 63 6F 6D m.sg..google.com
2E 73 6C 82 0D 67 6F 6F 67 6C 65 2E 63 6F 6D 2E .sl..google.com.
73 76 82 0D 67 6F 6F 67 6C 65 2E 63 6F 6D 2E 74 sv..google.com.t
6A 82 0D 67 6F 6F 67 6C 65 2E 63 6F 6D 2E 74 6E j..google.com.tn
82 0D 67 6F 6F 67 6C 65 2E 63 6F 6D 2E 74 72 82 ..google.com.tr.
0D 67 6F 6F 67 6C 65 2E 63 6F 6D 2E 74 77 82 0D .google.com.tw..
67 6F 6F 67 6C 65 2E 63 6F 6D 2E 75 61 82 0D 67 google.com.ua..g
6F 6F 67 6C 65 2E 63 6F 6D 2E 75 79 82 0D 67 6F oogle.com.uy..go
6F 67 6C 65 2E 63 6F 6D 2E 76 63 82 0D 67 6F 6F ogle.com.vc..goo
67 6C 65 2E 63 6F 6D 2E 76 65 82 0D 67 6F 6F 67 gle.com.ve..goog
6C 65 2E 63 6F 6D 2E 76 6E 82 09 67 6F 6F 67 6C le.com.vn..googl
65 2E 63 76 82 09 67 6F 6F 67 6C 65 2E 63 7A 82 e.cv..google.cz.
09 67 6F 6F 67 6C 65 2E 64 65 82 09 67 6F 6F 67 .google.de..goog
6C 65 2E 64 6A 82 09 67 6F 6F 67 6C 65 2E 64 6B le.dj..google.dk
82 09 67 6F 6F 67 6C 65 2E 64 6D 82 09 67 6F 6F ..google.dm..goo
67 6C 65 2E 64 7A 82 09 67 6F 6F 67 6C 65 2E 65 gle.dz..google.e
65 82 09 67 6F 6F 67 6C 65 2E 65 73 82 0A 67 6F e..google.es..go
6F 67 6C 65 2E 65 75 73 82 09 67 6F 6F 67 6C 65 ogle.eus..google
2E 66 69 82 09 67 6F 6F 67 6C 65 2E 66 6D 82 09 .fi..google.fm..
67 6F 6F 67 6C 65 2E 66 72 82 0A 67 6F 6F 67 6C google.fr..googl
65 2E 66 72 6C 82 09 67 6F 6F 67 6C 65 2E 67 61 e.frl..google.ga
82 0A 67 6F 6F 67 6C 65 2E 67 61 6C 82 09 67 6F ..google.gal..go
6F 67 6C 65 2E 67 65 82 09 67 6F 6F 67 6C 65 2E ogle.ge..google.
67 67 82 09 67 6F 6F 67 6C 65 2E 67 6C 82 09 67 gg..google.gl..g
6F 6F 67 6C 65 2E 67 6D 82 09 67 6F 6F 67 6C 65 oogle.gm..google
2E 67 70 82 09 67 6F 6F 67 6C 65 2E 67 72 82 09 .gp..google.gr..
67 6F 6F 67 6C 65 2E 67 79 82 09 67 6F 6F 67 6C google.gy..googl
65 2E 68 6B 82 09 67 6F 6F 67 6C 65 2E 68 6E 82 e.hk..google.hn.
09 67 6F 6F 67 6C 65 2E 68 72 82 09 67 6F 6F 67 .google.hr..goog
6C 65 2E 68 74 82 09 67 6F 6F 67 6C 65 2E 68 75 le.ht..google.hu
82 09 67 6F 6F 67 6C 65 2E 69 65 82 09 67 6F 6F ..google.ie..goo
67 6C 65 2E 69 6D 82 09 67 6F 6F 67 6C 65 2E 69 gle.im..google.i
6E 82 0B 67 6F 6F 67 6C 65 2E 69 6E 66 6F 82 09 n..google.info..
67 6F 6F 67 6C 65 2E 69 71 82 09 67 6F 6F 67 6C google.iq..googl
65 2E 69 72 82 09 67 6F 6F 67 6C 65 2E 69 73 82 e.ir..google.is.
09 67 6F 6F 67 6C 65 2E 69 74 82 0C 67 6F 6F 67 .google.it..goog
6C 65 2E 69 74 2E 61 6F 82 09 67 6F 6F 67 6C 65 le.it.ao..google
2E 6A 65 82 09 67 6F 6F 67 6C 65 2E 6A 6F 82 0B .je..google.jo..
67 6F 6F 67 6C 65 2E 6A 6F 62 73 82 09 67 6F 6F google.jobs..goo
67 6C 65 2E 6A 70 82 09 67 6F 6F 67 6C 65 2E 6B gle.jp..google.k
67 82 09 67 6F 6F 67 6C 65 2E 6B 69 82 09 67 6F g..google.ki..go
6F 67 6C 65 2E 6B 7A 82 09 67 6F 6F 67 6C 65 2E ogle.kz..google.
6C 61 82 09 67 6F 6F 67 6C 65 2E 6C 69 82 09 67 la..google.li..g
6F 6F 67 6C 65 2E 6C 6B 82 09 67 6F 6F 67 6C 65 oogle.lk..google
2E 6C 74 82 09 67 6F 6F 67 6C 65 2E 6C 75 82 09 .lt..google.lu..
67 6F 6F 67 6C 65 2E 6C 76 82 09 67 6F 6F 67 6C google.lv..googl
65 2E 6D 64 82 09 67 6F 6F 67 6C 65 2E 6D 65 82 e.md..google.me.
09 67 6F 6F 67 6C 65 2E 6D 67 82 09 67 6F 6F 67 .google.mg..goog
6C 65 2E 6D 6B 82 09 67 6F 6F 67 6C 65 2E 6D 6C le.mk..google.ml
82 09 67 6F 6F 67 6C 65 2E 6D 6E 82 09 67 6F 6F ..google.mn..goo
67 6C 65 2E 6D 73 82 09 67 6F 6F 67 6C 65 2E 6D gle.ms..google.m
75 82 09 67 6F 6F 67 6C 65 2E 6D 76 82 09 67 6F u..google.mv..go
6F 67 6C 65 2E 6D 77 82 09 67 6F 6F 67 6C 65 2E ogle.mw..google.
6E 65 82 0C 67 6F 6F 67 6C 65 2E 6E 65 2E 6A 70 ne..google.ne.jp
82 0A 67 6F 6F 67 6C 65 2E 6E 65 74 82 09 67 6F ..google.net..go
6F 67 6C 65 2E 6E 67 82 09 67 6F 6F 67 6C 65 2E ogle.ng..google.
6E 6C 82 09 67 6F 6F 67 6C 65 2E 6E 6F 82 09 67 nl..google.no..g
6F 6F 67 6C 65 2E 6E 72 82 09 67 6F 6F 67 6C 65 oogle.nr..google
2E 6E 75 82 0D 67 6F 6F 67 6C 65 2E 6F 66 66 2E .nu..google.off.
61 69 82 09 67 6F 6F 67 6C 65 2E 70 6B 82 09 67 ai..google.pk..g
6F 6F 67 6C 65 2E 70 6C 82 09 67 6F 6F 67 6C 65 oogle.pl..google
2E 70 6E 82 09 67 6F 6F 67 6C 65 2E 70 73 82 09 .pn..google.ps..
67 6F 6F 67 6C 65 2E 70 74 82 09 67 6F 6F 67 6C google.pt..googl
65 2E 72 6F 82 09 67 6F 6F 67 6C 65 2E 72 73 82 e.ro..google.rs.
09 67 6F 6F 67 6C 65 2E 72 75 82 09 67 6F 6F 67 .google.ru..goog
6C 65 2E 72 77 82 09 67 6F 6F 67 6C 65 2E 73 63 le.rw..google.sc
82 09 67 6F 6F 67 6C 65 2E 73 65 82 09 67 6F 6F ..google.se..goo
67 6C 65 2E 73 68 82 09 67 6F 6F 67 6C 65 2E 73 gle.sh..google.s
69 82 09 67 6F 6F 67 6C 65 2E 73 6B 82 09 67 6F i..google.sk..go
6F 67 6C 65 2E 73 6D 82 09 67 6F 6F 67 6C 65 2E ogle.sm..google.
73 6E 82 09 67 6F 6F 67 6C 65 2E 73 6F 82 09 67 sn..google.so..g
6F 6F 67 6C 65 2E 73 72 82 09 67 6F 6F 67 6C 65 oogle.sr..google
2E 73 74 82 09 67 6F 6F 67 6C 65 2E 74 64 82 0A .st..google.td..
67 6F 6F 67 6C 65 2E 74 65 6C 82 09 67 6F 6F 67 google.tel..goog
6C 65 2E 74 67 82 09 67 6F 6F 67 6C 65 2E 74 6B le.tg..google.tk
82 09 67 6F 6F 67 6C 65 2E 74 6C 82 09 67 6F 6F ..google.tl..goo
67 6C 65 2E 74 6D 82 09 67 6F 6F 67 6C 65 2E 74 gle.tm..google.t
6E 82 09 67 6F 6F 67 6C 65 2E 74 6F 82 09 67 6F n..google.to..go
6F 67 6C 65 2E 74 74 82 09 67 6F 6F 67 6C 65 2E ogle.tt..google.
75 61 82 09 67 6F 6F 67 6C 65 2E 75 73 82 09 67 ua..google.us..g
6F 6F 67 6C 65 2E 75 7A 82 09 67 6F 6F 67 6C 65 oogle.uz..google
2E 76 67 82 09 67 6F 6F 67 6C 65 2E 76 75 82 09 .vg..google.vu..
67 6F 6F 67 6C 65 2E 77 73 82 12 67 6F 6F 67 6C google.ws..googl
65 63 6F 6D 6D 65 72 63 65 2E 63 6F 6D 82 0B 67 ecommerce.com..g
73 74 61 74 69 63 2E 63 6F 6D 82 19 70 6F 6C 69 static.com..poli
63 79 2E 6D 74 61 2D 73 74 73 2E 67 6F 6F 67 6C cy.mta-sts.googl
65 2E 63 6F 6D 82 0A 75 72 63 68 69 6E 2E 63 6F e.com..urchin.co
6D 82 0A 77 77 77 2E 67 6F 6F 2E 67 6C 82 08 79 m..www.goo.gl..y
6F 75 74 75 2E 62 65 82 0B 79 6F 75 74 75 62 65 outu.be..youtube
2E 63 6F 6D 82 14 79 6F 75 74 75 62 65 65 64 75 .com..youtubeedu
63 61 74 69 6F 6E 2E 63 6F 6D 30 68 06 08 2B 06 cation.com0h..+.
01 05 05 07 01 01 04 5C 30 5A 30 2B 06 08 2B 06 ........0Z0+..+.
01 05 05 07 30 02 86 1F 68 74 74 70 3A 2F 2F 70 ....0...http://p
6B 69 2E 67 6F 6F 67 6C 65 2E 63 6F 6D 2F 47 49 ki.google.com/GI
41 47 32 2E 63 72 74 30 2B 06 08 2B 06 01 05 05 AG2.crt0+..+....
07 30 01 86 1F 68 74 74 70 3A 2F 2F 63 6C 69 65 .0...http://clie
6E 74 73 31 2E 67 6F 6F 67 6C 65 2E 63 6F 6D 2F nts1.google.com/
6F 63 73 70 30 1D 06 03 55 1D 0E 04 16 04 14 B4 ocsp0...U.......
E9 EB E0 9B 5F 4E 0D 36 A0 2A 4F 09 A6 08 DB AB ...._N.6.*O.....
D1 95 C8 30 0C 06 03 55 1D 13 01 01 FF 04 02 30 ...0...U.......0
00 30 1F 06 03 55 1D 23 04 18 30 16 80 14 4A DD .0...U.#..0...J.
06 16 1B BC F6 68 B5 76 F5 81 B6 BB 62 1A BA 5A .....h.v....b..Z
81 2F 30 21 06 03 55 1D 20 04 1A 30 18 30 0C 06 ./0!..U. ..0.0..
0A 2B 06 01 04 01 D6 79 02 05 01 30 08 06 06 67 .+.....y...0...g
81 0C 01 02 02 30 30 06 03 55 1D 1F 04 29 30 27 .....00..U...)0'
30 25 A0 23 A0 21 86 1F 68 74 74 70 3A 2F 2F 70 0%.#.!..http://p
6B 69 2E 67 6F 6F 67 6C 65 2E 63 6F 6D 2F 47 49 ki.google.com/GI
41 47 32 2E 63 72 6C 30 0D 06 09 2A 86 48 86 F7 AG2.crl0...*.H..
0D 01 01 0B 05 00 03 82 01 01 00 83 5B 7C 65 25 ............[|e%
FE 35 12 08 C2 20 30 85 5B 28 5E AB BA AE 66 B9 .5... 0.[(^...f.
21 AE 09 7C 8E 0D 66 16 F5 D3 8E 31 9C 38 DF AC !..|..f....1.8..
CE 8E 45 0A 51 4A E4 4C 13 59 5A 57 03 5E 67 7A ..E.QJ.L.YZW.^gz
F6 BE 7F 31 91 EC B2 6F 92 AF CF 9E EE 5B FD 81 ...1...o.....[..
01 E9 B5 79 9E DE D5 43 70 D1 AD 0F B2 FB 38 02 ...y...Cp.....8.
5A 9C 02 F0 F6 DE B7 9A 4C 32 96 39 5C E6 D6 1E Z.......L2.9....
5C E0 EB E0 84 90 1F 07 C5 EF 4F 85 DE 8A 15 FF ..........O.....
49 D9 BE 78 DA BC 89 63 A8 F6 B0 C7 42 08 17 22 I..x...c....B.."
82 E6 A5 3D C0 A8 6A AF 33 58 FE 5C C9 1B 92 7F ...=..j.3X......
06 E3 CE 54 FB E0 9C DD B2 37 08 48 EA 08 CF 74 ...T.....7.H...t
A3 4C 94 4D 13 04 D4 D1 13 AA 2B 65 55 90 BA AD .L.M......+eU...
77 A4 E8 C0 E7 B3 AA 6E DD FF FE BB 4E 40 08 52 w......n....N@.R
E1 CF 64 CD EC 4D BD CF B0 B7 06 99 E9 5F 68 87 ..d..M......._h.
89 D0 F5 6C AC 99 D2 0B A4 BE F3 36 6C 8B DD B8 ...l.......6l...
8B BE 14 48 6D 8C E1 C3 8A 09 BA B4 0B FD 75 AC ...Hm.........u.
8D 92 2F BB 26 A0 E9 F5 35 64 90 00 03 F4 30 82 ../.&...5d....0.
03 F0 30 82 02 D8 A0 03 02 01 02 02 03 02 3A 92 ..0...........:.
30 0D 06 09 2A 86 48 86 F7 0D 01 01 0B 05 00 30 0...*.H........0
42 31 0B 30 09 06 03 55 04 06 13 02 55 53 31 16 B1.0...U....US1.
30 14 06 03 55 04 0A 13 0D 47 65 6F 54 72 75 73 0...U....GeoTrus
74 20 49 6E 63 2E 31 1B 30 19 06 03 55 04 03 13 t Inc.1.0...U...
12 47 65 6F 54 72 75 73 74 20 47 6C 6F 62 61 6C .GeoTrust Global
20 43 41 30 1E 17 0D 31 35 30 34 30 31 30 30 30  CA0...150401000
30 30 30 5A 17 0D 31 37 31 32 33 31 32 33 35 39 000Z..1712312359
35 39 5A 30 49 31 0B 30 09 06 03 55 04 06 13 02 59Z0I1.0...U....
55 53 31 13 30 11 06 03 55 04 0A 13 0A 47 6F 6F US1.0...U....Goo
67 6C 65 20 49 6E 63 31 25 30 23 06 03 55 04 03 gle Inc1%0#..U..
13 1C 47 6F 6F 67 6C 65 20 49 6E 74 65 72 6E 65 ..Google Interne
74 20 41 75 74 68 6F 72 69 74 79 20 47 32 30 82 t Authority G20.
01 22 30 0D 06 09 2A 86 48 86 F7 0D 01 01 01 05 ."0...*.H.......
00 03 82 01 0F 00 30 82 01 0A 02 82 01 01 00 9C ......0.........
2A 04 77 5C D8 50 91 3A 06 A3 82 E0 D8 50 48 BC *.w..P.:.....PH.
89 3F F1 19 70 1A 88 46 7E E0 8F C5 F1 89 CE 21 .?..p..F~......!
EE 5A FE 61 0D B7 32 44 89 A0 74 0B 53 4F 55 A4 .Z.a..2D..t.SOU.
CE 82 62 95 EE EB 59 5F C6 E1 05 80 12 C4 5E 94 ..b...Y_......^.
3F BC 5B 48 38 F4 53 F7 24 E6 FB 91 E9 15 C4 CF ?.[H8.S.$.......
F4 53 0D F4 4A FC 9F 54 DE 7D BE A0 6B 6F 87 C0 .S..J..T.}..ko..
D0 50 1F 28 30 03 40 DA 08 73 51 6C 7F FF 3A 3C .P.(0.@..sQl..:<
A7 37 06 8E BD 4B 11 04 EB 7D 24 DE E6 F9 FC 31 .7...K...}$....1
71 FB 94 D5 60 F3 2E 4A AF 42 D2 CB EA C4 6A 1A q...`..J.B....j.
B2 CC 53 DD 15 4B 8B 1F C8 19 61 1F CD 9D A8 3E ..S..K....a....>
63 2B 84 35 69 65 84 C8 19 C5 46 22 F8 53 95 BE c+.5ie....F".S..
E3 80 4A 10 C6 2A EC BA 97 20 11 C7 39 99 10 04 ..J..*... ..9...
A0 F0 61 7A 95 25 8C 4E 52 75 E2 B6 ED 08 CA 14 ..az.%.NRu......
FC CE 22 6A B3 4E CF 46 03 97 97 03 7E C0 B1 DE .."j.N.F....~...
7B AF 45 33 CF BA 3E 71 B7 DE F4 25 25 C2 0D 35 {.E3..>q...%%..5
89 9D 9D FB 0E 11 79 89 1E 37 C5 AF 8E 72 69 02 ......y..7...ri.
03 01 00 01 A3 81 E7 30 81 E4 30 1F 06 03 55 1D .......0..0...U.
23 04 18 30 16 80 14 C0 7A 98 68 8D 89 FB AB 05 #..0....z.h.....
64 0C 11 7D AA 7D 65 B8 CA CC 4E 30 1D 06 03 55 d..}.}e...N0...U
1D 0E 04 16 04 14 4A DD 06 16 1B BC F6 68 B5 76 ......J......h.v
F5 81 B6 BB 62 1A BA 5A 81 2F 30 0E 06 03 55 1D ....b..Z./0...U.
0F 01 01 FF 04 04 03 02 01 06 30 2E 06 08 2B 06 ..........0...+.
01 05 05 07 01 01 04 22 30 20 30 1E 06 08 2B 06 ......."0 0...+.
01 05 05 07 30 01 86 12 68 74 74 70 3A 2F 2F 67 ....0...http://g
2E 73 79 6D 63 64 2E 63 6F 6D 30 12 06 03 55 1D .symcd.com0...U.
13 01 01 FF 04 08 30 06 01 01 FF 02 01 00 30 35 ......0.......05
06 03 55 1D 1F 04 2E 30 2C 30 2A A0 28 A0 26 86 ..U....0,0*.(.&.
24 68 74 74 70 3A 2F 2F 67 2E 73 79 6D 63 62 2E $http://g.symcb.
63 6F 6D 2F 63 72 6C 73 2F 67 74 67 6C 6F 62 61 com/crls/gtgloba
6C 2E 63 72 6C 30 17 06 03 55 1D 20 04 10 30 0E l.crl0...U. ..0.
30 0C 06 0A 2B 06 01 04 01 D6 79 02 05 01 30 0D 0...+.....y...0.
06 09 2A 86 48 86 F7 0D 01 01 0B 05 00 03 82 01 ..*.H...........
01 00 08 4E 04 A7 80 7F 10 16 43 5E 02 AD D7 42 ...N......C^...B
80 F4 B0 8E D2 AE B3 EB 11 7D 90 84 18 7D E7 90 .........}...}..
15 FB 49 7F A8 99 05 91 BB 7A C9 D6 3C 37 18 09 ..I......z..<7..
9A B6 C7 92 20 07 35 33 09 E4 28 63 72 0D B4 E0 .... .53..(cr...
32 9C 87 98 C4 1B 76 89 67 C1 50 58 B0 13 AA 13 2.....v.g.PX....
1A 1B 32 A5 BE EA 11 95 4C 48 63 49 E9 99 5D 20 ..2.....LHcI..] 
37 CC FE 2A 69 51 16 95 4B A9 DE 49 82 C0 10 70 7..*iQ..K..I...p
F4 2C F3 EC BC 24 24 D0 4E AC A5 D9 5E 1E 6D 92 .,...$$.N...^.m.
C1 A7 AC 48 35 81 F9 E5 E4 9C 65 69 CD 87 A4 41 ...H5.....ei...A
50 3F 2E 57 A5 91 51 12 58 0E 8C 09 A1 AC 7A A4 P?.W..Q.X.....z.
12 A5 27 F3 9A 10 97 7D 55 03 06 F7 66 58 5F 5F ..'....}U...fX__
64 E1 AB 5D 6D A5 39 48 75 98 4C 29 5A 3A 8D D3 d..]m.9Hu.L)Z:..
2B CA 9C 55 04 BF F4 E6 14 D5 80 AC 26 ED 17 89 +..U........&...
A6 93 6C 5C A4 CC B8 F0 66 8E 64 E3 7D 9A E2 00 ..l.....f.d.}...
B3 49 C7 E4 0A AA DD 5B 83 C7 70 90 46 4E BE D0 .I.....[..p.FN..
DB 59 96 6C 2E F5 16 36 DE 71 CC 01 C2 12 C1 21 .Y.l...6.q.....!
C6 16 00 03 81 30 82 03 7D 30 82 02 E6 A0 03 02 .....0..}0......
01 02 02 03 12 BB E6 30 0D 06 09 2A 86 48 86 F7 .......0...*.H..
0D 01 01 05 05 00 30 4E 31 0B 30 09 06 03 55 04 ......0N1.0...U.
06 13 02 55 53 31 10 30 0E 06 03 55 04 0A 13 07 ...US1.0...U....
45 71 75 69 66 61 78 31 2D 30 2B 06 03 55 04 0B Equifax1-0+..U..
13 24 45 71 75 69 66 61 78 20 53 65 63 75 72 65 .$Equifax Secure
20 43 65 72 74 69 66 69 63 61 74 65 20 41 75 74  Certificate Aut
68 6F 72 69 74 79 30 1E 17 0D 30 32 30 35 32 31 hority0...020521
30 34 30 30 30 30 5A 17 0D 31 38 30 38 32 31 30 040000Z..1808210
34 30 30 30 30 5A 30 42 31 0B 30 09 06 03 55 04 40000Z0B1.0...U.
06 13 02 55 53 31 16 30 14 06 03 55 04 0A 13 0D ...US1.0...U....
47 65 6F 54 72 75 73 74 20 49 6E 63 2E 31 1B 30 GeoTrust Inc.1.0
19 06 03 55 04 03 13 12 47 65 6F 54 72 75 73 74 ...U....GeoTrust
20 47 6C 6F 62 61 6C 20 43 41 30 82 01 22 30 0D  Global CA0.."0.
06 09 2A 86 48 86 F7 0D 01 01 01 05 00 03 82 01 ..*.H...........
0F 00 30 82 01 0A 02 82 01 01 00 DA CC 18 63 30 ..0...........c0
FD F4 17 23 1A 56 7E 5B DF 3C 6C 38 E4 71 B7 78 ...#.V~[.<l8.q.x
91 D4 BC A1 D8 4C F8 A8 43 B6 03 E9 4D 21 07 08 .....L..C...M!..
88 DA 58 2F 66 39 29 BD 05 78 8B 9D 38 E8 05 B7 ..X/f9)..x..8...
6A 7E 71 A4 E6 C4 60 A6 B0 EF 80 E4 89 28 0F 9E j~q...`......(..
25 D6 ED 83 F3 AD A6 91 C7 98 C9 42 18 35 14 9D %..........B.5..
AD 98 46 92 2E 4F CA F1 87 43 C1 16 95 57 2D 50 ..F..O...C...W-P
EF 89 2D 80 7A 57 AD F2 EE 5F 6B D2 00 8D B9 14 ..-.zW..._k.....
F8 14 15 35 D9 C0 46 A3 7B 72 C8 91 BF C9 55 2B ...5..F.{r....U+
CD D0 97 3E 9C 26 64 CC DF CE 83 19 71 CA 4E E6 ...>.&d.....q.N.
D4 D5 7B A9 19 CD 55 DE C8 EC D2 5E 38 53 E5 5C ..{...U....^8S..
4F 8C 2D FE 50 23 36 FC 66 E6 CB 8E A4 39 19 00 O.-.P#6.f....9..
B7 95 02 39 91 0B 0E FE 38 2E D1 1D 05 9A F6 4D ...9....8......M
3E 6F 0F 07 1D AF 2C 1E 8F 60 39 E2 FA 36 53 13 >o....,..`9..6S.
39 D4 5E 26 2B DB 3D A8 14 BD 32 EB 18 03 28 52 9.^&+.=...2...(R
04 71 E5 AB 33 3D E1 38 BB 07 36 84 62 9C 79 EA .q..3=.8..6.b.y.
16 30 F4 5F C0 2B E8 71 6B E4 F9 02 03 01 00 01 .0._.+.qk.......
A3 81 F0 30 81 ED 30 1F 06 03 55 1D 23 04 18 30 ...0..0...U.#..0
16 80 14 48 E6 68 F9 2B D2 B2 95 D7 47 D8 23 20 ...H.h.+....G.# 
10 4F 33 98 90 9F D4 30 1D 06 03 55 1D 0E 04 16 .O3....0...U....
04 14 C0 7A 98 68 8D 89 FB AB 05 64 0C 11 7D AA ...z.h.....d..}.
7D 65 B8 CA CC 4E 30 0F 06 03 55 1D 13 01 01 FF }e...N0...U.....
04 05 30 03 01 01 FF 30 0E 06 03 55 1D 0F 01 01 ..0....0...U....
FF 04 04 03 02 01 06 30 3A 06 03 55 1D 1F 04 33 .......0:..U...3
30 31 30 2F A0 2D A0 2B 86 29 68 74 74 70 3A 2F 010/.-.+.)http:/
2F 63 72 6C 2E 67 65 6F 74 72 75 73 74 2E 63 6F /crl.geotrust.co
6D 2F 63 72 6C 73 2F 73 65 63 75 72 65 63 61 2E m/crls/secureca.
63 72 6C 30 4E 06 03 55 1D 20 04 47 30 45 30 43 crl0N..U. .G0E0C
06 04 55 1D 20 00 30 3B 30 39 06 08 2B 06 01 05 ..U. .0;09..+...
05 07 02 01 16 2D 68 74 74 70 73 3A 2F 2F 77 77 .....-https://ww
77 2E 67 65 6F 74 72 75 73 74 2E 63 6F 6D 2F 72 w.geotrust.com/r
65 73 6F 75 72 63 65 73 2F 72 65 70 6F 73 69 74 esources/reposit
6F 72 79 30 0D 06 09 2A 86 48 86 F7 0D 01 01 05 ory0...*.H......
05 00 03 81 81 00 76 E1 12 6E 4E 4B 16 12 86 30 ......v..nNK...0
06 B2 81 08 CF F0 08 C7 C7 71 7E 66 EE C2 ED D4 .........q~f....
3B 1F FF F0 F0 C8 4E D6 43 38 B0 B9 30 7D 18 D0 ;.....N.C8..0}..
55 83 A2 6A CB 36 11 9C E8 48 66 A3 6D 7F B8 13 U..j.6...Hf.m...
D4 47 FE 8B 5A 5C 73 FC AE D9 1B 32 19 38 AB 97 .G..Z.s....2.8..
34 14 AA 96 D2 EB A3 1C 14 08 49 B6 BB E5 91 EF 4.........I.....
83 36 EB 1D 56 6F CA DA BC 73 63 90 E4 7F 7B 3E .6..Vo...sc...{>
22 CB 3D 07 ED 5F 38 74 9C E3 03 50 4E A1 AF 98 ".=.._8t...PN...
EE 61 F2 84 3F 12 16 03 03 01 4D 0C 00 01 49 03 .a..?.....M...I.
00 17 41 04 4F 9A 3E 3F 03 6C FD D2 E5 FC 1C 20 ..A.O.>?.l..... 
93 8F BB 97 DB 93 87 C2 D8 DE 35 17 89 FD EB 93 ..........5.....
10 39 66 31 6D 62 EF 0B 57 84 8D 00 59 BD 3E 1A .9f1mb..W...Y.>.
23 C1 28 F6 6C 08 00 7A 94 08 F6 86 38 4F 3E AE #.(.l..z....8O>.
99 96 D3 87 06 01 01 00 5B 5C D6 C5 03 20 40 23 ........[.... @#
5A 41 0F 34 B9 A4 0D 97 0C F2 71 0F 95 A7 F8 9A ZA.4......q.....
0A D9 D2 52 DB 8E 77 7F E2 FB E3 E3 FA 00 F6 2B ...R..w........+
99 A6 48 CA DC B7 73 CE B9 42 06 0E 79 CA C1 D1 ..H...s..B..y...
C9 5F FF 26 40 6C B9 7D 76 2D F9 E2 DE 57 96 18 ._.&@l.}v-...W..
DB F0 B5 CB 8F 67 85 39 6F CE 92 71 B6 47 1E 31 .....g.9o..q.G.1
48 F6 1D 9D 34 6D EF 85 50 22 A1 CA C2 2C 91 FF H...4m..P"...,..
35 24 EF 08 13 4C 91 08 B8 E6 2B EC 56 04 5A 49 5$...L....+.V.ZI
B4 E4 CA A7 6C C1 83 54 FF F6 81 2C A3 D7 B3 2D ....l..T...,...-
09 DF 93 14 4D 54 BF 37 D5 76 09 0B E2 7A 8E 59 ....MT.7.v...z.Y
BC E5 A3 0C AC 70 DB 42 2A C8 2F 75 F7 54 FF 63 .....p.B*./u.T.c
CC 35 50 CE 58 A1 03 B7 FC 2B ED C7 94 27 9E F4 .5P.X....+...'..
A3 0B 86 F8 1D 05 BE 86 64 87 F9 B1 81 12 CD BF ........d.......
0E EC 6D 04 89 13 A7 6B 1B B2 04 44 11 3F DB 63 ..m....k...D.?.c
45 0B A8 11 89 C7 67 F2 79 63 85 F3 98 FA 1E D4 E.....g.yc......
16 15 8F FA 21 71 20 00 95 84 02 F2 ED D5 03 46 ....!q ........F
3A F0 93 49 A3 60 36 26 16 03 03 00 04 0E 00 00 :..I.`6&........
00                                              .

Fri Nov 18 16:28:38 2016	127.0.0.1:27528 > 216.58.214.227:443
16 03 03 00 46 10 00 00 42 41 04 32 3E 0D 6B 6C ....F...BA.2>.kl
24 CD B8 C3 19 33 21 66 39 47 9E 00 E1 B7 6B 8C $....3!f9G....k.
0E C7 62 74 76 F2 E3 9E FD B8 E5 EA C4 1F FD 6F ..btv..........o
60 35 AC 8B 0C 26 9A 8A CD CB EF 68 A8 B1 43 EC `5...&.....h..C.
14 84 9A 24 56 67 CC 4C 42 11 91 14 03 03 00 01 ...$Vg.LB.......
01 16 03 03 00 28 00 00 00 00 00 00 00 00 C7 90 .....(..........
54 8A 00 6D DF D7 3E 3C 00 23 6B F1 42 3C DE 71 T..m..><.#k.B<.q
FA 54 CA AA B2 6D FC D7 94 A6 9A B9 44 57       .T...m......DW

Fri Nov 18 16:28:38 2016	127.0.0.1:27528 < 216.58.214.227:443
16 03 03 00 AE 04 00 00 AA 00 01 89 C0 00 A4 2E ................
E9 DB BB 2E C5 52 9D FA 12 F0 37 06 3D FB 34 57 .....R....7.=.4W
71 45 35 22 33 2F 31 C5 68 FB 56 A0 EE AB D9 2E qE5"3/1.h.V.....
08 87 1D 81 84 12 C6 75 06 A6 C1 94 99 E7 2B 5E .......u......+^
B9 3F DA F0 89 3B 4D 5E 78 F4 AA 86 4A F9 01 24 .?...;M^x...J..$
19 84 D2 83 2C 45 DF 8E 8F 88 35 24 57 65 49 1C ....,E....5$WeI.
39 FD 0E 14 2A F9 81 63 09 1C 64 5D D1 CC 63 38 9...*..c..d]..c8
23 20 E3 1A 53 6D 00 7A 7F AF 70 AD EC 4F EE 4F # ..Sm.z..p..O.O
64 9A A7 95 C1 5E AB 46 7F 5C 8B 21 FD D3 0E 7E d....^.F...!...~
DE 10 A0 57 87 7A 47 79 17 CD A1 42 C2 75 73 C2 ...W.zGy...B.us.
70 18 17 8B 86 F4 D6 88 B9 2A 2F 28 AF F1 53 14 p........*/(..S.
93 1E 10 14 03 03 00 01 01 16 03 03 00 28 00 00 .............(..
00 00 00 00 00 00 FF CC 34 27 C7 1F 58 E5 A8 CD ........4'..X...
26 00 05 EA EB 30 38 DE A8 C2 D3 C5 58 E8 3A C5 &....08.....X.:.
64 85 44 E4 5D DC                               d.D.].

